#
# There is insufficient memory for the Java Runtime Environment to continue.
# Native memory allocation (malloc) failed to allocate 707776 bytes for Chunk::new
# Possible reasons:
#   The system is out of physical RAM or swap space
#   In 32 bit mode, the process size limit was hit
# Possible solutions:
#   Reduce memory load on the system
#   Increase physical memory or swap space
#   Check if swap backing store is full
#   Use 64 bit Java on a 64 bit OS
#   Decrease Java heap size (-Xmx/-Xms)
#   Decrease number of Java threads
#   Decrease Java thread stack sizes (-Xss)
#   Set larger code cache with -XX:ReservedCodeCacheSize=
# This output file may be truncated or incomplete.
#
#  Out of Memory Error (allocation.cpp:390), pid=13164, tid=4296
#
# JRE version: Java(TM) SE Runtime Environment (8.0_60-b27) (build 1.8.0_60-b27)
# Java VM: Java HotSpot(TM) 64-Bit Server VM (25.60-b23 mixed mode windows-amd64 compressed oops)
# Failed to write core dump. Minidumps are not enabled by default on client versions of Windows
#

---------------  T H R E A D  ---------------

Current thread (0x0000000015193000):  JavaThread "C2 CompilerThread1" daemon [_thread_in_native, id=4296, stack(0x0000000016800000,0x0000000016900000)]

Stack: [0x0000000016800000,0x0000000016900000]
[error occurred during error reporting (printing stack bounds), id 0xc0000005]

Native frames: (J=compiled Java code, j=interpreted, Vv=VM code, C=native code)


Current CompileTask:
C2:   2184 1072       4       com.android.dx.ssa.SCCP::simulateStmt (481 bytes)


---------------  P R O C E S S  ---------------

Java Threads: ( => current thread )
  0x0000000016c85000 JavaThread "pool-2-thread-4" [_thread_in_Java, id=9244, stack(0x0000000017400000,0x0000000017500000)]
  0x0000000016c84800 JavaThread "pool-2-thread-3" [_thread_blocked, id=7832, stack(0x0000000017300000,0x0000000017400000)]
  0x0000000016c73000 JavaThread "pool-2-thread-2" [_thread_blocked, id=184, stack(0x0000000017200000,0x0000000017300000)]
  0x0000000016c70800 JavaThread "pool-3-thread-1" [_thread_blocked, id=5204, stack(0x0000000017100000,0x0000000017200000)]
  0x0000000016c66000 JavaThread "pool-2-thread-1" [_thread_in_Java, id=5140, stack(0x0000000017000000,0x0000000017100000)]
  0x0000000016a38800 JavaThread "Service Thread" daemon [_thread_blocked, id=7932, stack(0x0000000016e00000,0x0000000016f00000)]
  0x000000001519a000 JavaThread "C1 CompilerThread2" daemon [_thread_in_native, id=1020, stack(0x0000000016900000,0x0000000016a00000)]
=>0x0000000015193000 JavaThread "C2 CompilerThread1" daemon [_thread_in_native, id=4296, stack(0x0000000016800000,0x0000000016900000)]
  0x000000001518e800 JavaThread "C2 CompilerThread0" daemon [_thread_in_native, id=5384, stack(0x0000000016700000,0x0000000016800000)]
  0x000000001518d000 JavaThread "Attach Listener" daemon [_thread_blocked, id=11032, stack(0x0000000016600000,0x0000000016700000)]
  0x000000001518b800 JavaThread "Signal Dispatcher" daemon [_thread_blocked, id=10776, stack(0x0000000016500000,0x0000000016600000)]
  0x0000000002ab7000 JavaThread "Finalizer" daemon [_thread_blocked, id=9888, stack(0x00000000163e0000,0x00000000164e0000)]
  0x0000000002aae000 JavaThread "Reference Handler" daemon [_thread_blocked, id=11420, stack(0x00000000162e0000,0x00000000163e0000)]
  0x000000000108e800 JavaThread "main" [_thread_in_vm, id=11024, stack(0x00000000027d0000,0x00000000028d0000)]

Other Threads:
  0x0000000015157800 VMThread [stack: 0x00000000161e0000,0x00000000162e0000] [id=6604]
  0x0000000016a50800 WatcherThread [stack: 0x0000000016f00000,0x0000000017000000] [id=10896]

VM state:not at safepoint (normal execution)

VM Mutex/Monitor currently owned by a thread: None

Heap:
 PSYoungGen      total 37888K, used 29756K [0x00000000eab00000, 0x00000000ed500000, 0x0000000100000000)
  eden space 32768K, 90% used [0x00000000eab00000,0x00000000ec80f000,0x00000000ecb00000)
  from space 5120K, 0% used [0x00000000ed000000,0x00000000ed000000,0x00000000ed500000)
  to   space 5120K, 0% used [0x00000000ecb00000,0x00000000ecb00000,0x00000000ed000000)
 ParOldGen       total 86016K, used 0K [0x00000000c0000000, 0x00000000c5400000, 0x00000000eab00000)
  object space 86016K, 0% used [0x00000000c0000000,0x00000000c0000000,0x00000000c5400000)
 Metaspace       used 5868K, capacity 6832K, committed 7040K, reserved 1056768K
  class space    used 593K, capacity 616K, committed 640K, reserved 1048576K

Card table byte_map: [0x0000000011e80000,0x0000000012090000] byte_map_base: 0x0000000011880000

Marking Bits: (ParMarkBitMap*) 0x0000000070d5a5b0
 Begin Bits: [0x00000000125f0000, 0x00000000135f0000)
 End Bits:   [0x00000000135f0000, 0x00000000145f0000)

Polling page: 0x0000000001020000

CodeCache: size=245760Kb used=4460Kb max_used=4460Kb free=241299Kb
 bounds [0x0000000002ac0000, 0x0000000002f20000, 0x0000000011ac0000]
 total_blobs=1400 nmethods=1132 adapters=181
 compilation: enabled

Compilation events (10 events):
Event: 2.093 Thread 0x000000001519a000 1085       3       com.android.dx.rop.cst.CstArray$List::set (7 bytes)
Event: 2.093 Thread 0x000000001519a000 nmethod 1085 0x0000000002ef21d0 code [0x0000000002ef23a0, 0x0000000002ef2b88]
Event: 2.093 Thread 0x000000001519a000 1086       3       com.android.dx.rop.cst.CstArray$List::get (9 bytes)
Event: 2.094 Thread 0x000000001519a000 nmethod 1086 0x0000000002ef3150 code [0x0000000002ef32c0, 0x0000000002ef35a8]
Event: 2.094 Thread 0x000000001519a000 1087       3       com.android.dx.util.LabeledList::<init> (18 bytes)
Event: 2.094 Thread 0x000000001519a000 nmethod 1087 0x0000000002ef3650 code [0x0000000002ef37c0, 0x0000000002ef3a18]
Event: 2.094 Thread 0x000000001519a000 1088       3       com.android.dx.cf.code.ConcreteMethod::getEffectiveDescriptor (10 bytes)
Event: 2.094 Thread 0x000000001519a000 nmethod 1088 0x0000000002ef3b10 code [0x0000000002ef3c80, 0x0000000002ef3ea8]
Event: 2.095 Thread 0x000000001519a000 1089       3       com.android.dx.rop.code.RopMethod::<init> (53 bytes)
Event: 2.095 Thread 0x000000001519a000 nmethod 1089 0x0000000002ef3f50 code [0x0000000002ef40e0, 0x0000000002ef44b8]

GC Heap History (0 events):
No events

Deoptimization events (1 events):
Event: 1.407 Thread 0x000000000108e800 Uncommon trap: reason=unstable_if action=reinterpret pc=0x0000000002d13188 method=java.util.HashMap.getNode(ILjava/lang/Object;)Ljava/util/HashMap$Node; @ 129

Internal exceptions (2 events):
Event: 0.105 Thread 0x000000000108e800 Exception <a 'java/lang/NoSuchMethodError': Method sun.misc.Unsafe.defineClass(Ljava/lang/String;[BII)Ljava/lang/Class; name or signature does not match> (0x00000000eab13078) thrown at [C:\re\workspace\8-2-build-windows-amd64-cygwin\jdk8u60\4407\hotspot\sr¦2†Ž×º?
Event: 0.105 Thread 0x000000000108e800 Exception <a 'java/lang/NoSuchMethodError': Method sun.misc.Unsafe.prefetchRead(Ljava/lang/Object;J)V name or signature does not match> (0x00000000eab13360) thrown at [C:\re\workspace\8-2-build-windows-amd64-cygwin\jdk8u60\4407\hotspot\src\share\vm\prims\j

Events (10 events):
Event: 1.576 loading class java/util/ArrayList$1
Event: 1.576 loading class java/util/ArrayList$1 done
Event: 1.588 loading class com/android/dx/rop/code/LocalItem
Event: 1.588 loading class com/android/dx/rop/code/LocalItem done
Event: 1.594 loading class java/util/HashMap$Values
Event: 1.594 loading class java/util/HashMap$Values done
Event: 1.594 loading class java/util/HashMap$ValueIterator
Event: 1.595 loading class java/util/HashMap$ValueIterator done
Event: 2.012 Executing VM operation: ForceSafepoint
Event: 2.013 Executing VM operation: ForceSafepoint done


Dynamic libraries:
0x00007ff6e4ba0000 - 0x00007ff6e4bd7000 	C:\Program Files\Java\jdk1.8.0_60\bin\java.exe
0x00007ff896f30000 - 0x00007ff8970f1000 	C:\WINDOWS\SYSTEM32\ntdll.dll
0x00007ff896d60000 - 0x00007ff896e0d000 	C:\WINDOWS\system32\KERNEL32.DLL
0x00007ff8940f0000 - 0x00007ff8942d8000 	C:\WINDOWS\system32\KERNELBASE.dll
0x00007ff896cb0000 - 0x00007ff896d57000 	C:\WINDOWS\system32\ADVAPI32.dll
0x00007ff894e10000 - 0x00007ff894ead000 	C:\WINDOWS\system32\msvcrt.dll
0x00007ff894920000 - 0x00007ff89497b000 	C:\WINDOWS\system32\sechost.dll
0x00007ff896e10000 - 0x00007ff896f2c000 	C:\WINDOWS\system32\RPCRT4.dll
0x00007ff8947c0000 - 0x00007ff894916000 	C:\WINDOWS\system32\USER32.dll
0x00007ff894ac0000 - 0x00007ff894c46000 	C:\WINDOWS\system32\GDI32.dll
0x00007ff88ca10000 - 0x00007ff88cc84000 	C:\WINDOWS\WinSxS\amd64_microsoft.windows.common-controls_6595b64144ccf1df_6.0.10586.494_none_a2d8b04ea53e3145\COMCTL32.dll
0x00007ff8954d0000 - 0x00007ff89574d000 	C:\WINDOWS\system32\combase.dll
0x00007ff893c30000 - 0x00007ff893c9a000 	C:\WINDOWS\system32\bcryptPrimitives.dll
0x00007ff895480000 - 0x00007ff8954bb000 	C:\WINDOWS\system32\IMM32.DLL
0x0000000070de0000 - 0x0000000070eb2000 	C:\Program Files\Java\jdk1.8.0_60\jre\bin\msvcr100.dll
0x0000000070550000 - 0x0000000070dd9000 	C:\Program Files\Java\jdk1.8.0_60\jre\bin\server\jvm.dll
0x00007ff894a00000 - 0x00007ff894a08000 	C:\WINDOWS\system32\PSAPI.DLL
0x00007ff891d10000 - 0x00007ff891d19000 	C:\WINDOWS\SYSTEM32\WSOCK32.dll
0x00007ff894eb0000 - 0x00007ff894f1b000 	C:\WINDOWS\system32\WS2_32.dll
0x00007ff891c80000 - 0x00007ff891ca3000 	C:\WINDOWS\SYSTEM32\WINMM.dll
0x00007ff88cff0000 - 0x00007ff88cffa000 	C:\WINDOWS\SYSTEM32\VERSION.dll
0x00007ff891b10000 - 0x00007ff891b3c000 	C:\WINDOWS\SYSTEM32\WINMMBASE.dll
0x00007ff8942e0000 - 0x00007ff894323000 	C:\WINDOWS\system32\cfgmgr32.dll
0x0000000070540000 - 0x000000007054f000 	C:\Program Files\Java\jdk1.8.0_60\jre\bin\verify.dll
0x0000000070510000 - 0x0000000070539000 	C:\Program Files\Java\jdk1.8.0_60\jre\bin\java.dll
0x00000000704f0000 - 0x0000000070506000 	C:\Program Files\Java\jdk1.8.0_60\jre\bin\zip.dll
0x00007ff895750000 - 0x00007ff896cac000 	C:\WINDOWS\system32\SHELL32.dll
0x00007ff8935e0000 - 0x00007ff893c25000 	C:\WINDOWS\system32\windows.storage.dll
0x00007ff894980000 - 0x00007ff8949d2000 	C:\WINDOWS\system32\shlwapi.dll
0x00007ff893550000 - 0x00007ff89355f000 	C:\WINDOWS\system32\kernel.appcore.dll
0x00007ff893ed0000 - 0x00007ff893f85000 	C:\WINDOWS\system32\shcore.dll
0x00007ff893560000 - 0x00007ff8935ab000 	C:\WINDOWS\system32\powrprof.dll
0x00007ff8935c0000 - 0x00007ff8935d4000 	C:\WINDOWS\system32\profapi.dll

VM Arguments:
jvm_args: -Djava.awt.headless=true -Xmx1024M -Dfile.encoding=windows-1251 -Duser.country=US -Duser.language=en -Duser.variant 
java_command: com.android.dx.command.Main --dex --force-jumbo --num-threads=4 --multi-dex --output E:\Education\Summer_Camp\FoodCalculator\app\build\intermediates\transforms\dex\debug\folders\1000\10\com.google.firebase-firebase-database-connection-9.0.2_b93f051089185be0219fef3004c7704fd403e5cc E:\Education\Summer_Camp\FoodCalculator\app\build\intermediates\exploded-aar\com.google.firebase\firebase-database-connection\9.0.2\jars\classes.jar
java_class_path (initial): E:\Android\sdk\build-tools\23.0.2\lib\dx.jar
Launcher Type: SUN_STANDARD

Environment Variables:
PATH=C:\Program Files (x86)\Common Files\Intel\Shared Files\cpp\bin\Intel64;C:\ProgramData\Oracle\Java\javapath;C:\Program Files (x86)\Intel\iCLS Client\;C:\Program Files\Intel\iCLS Client\;C:\Windows\system32;C:\Windows;C:\Windows\System32\Wbem;C:\Windows\System32\WindowsPowerShell\v1.0\;C:\Program Files (x86)\NVIDIA Corporation\PhysX\Common;C:\Program Files (x86)\Microsoft Emulator Manager\1.0\;C:\Program Files (x86)\Intel\Intel(R) Management Engine Components\DAL;C:\Program Files\Intel\Intel(R) Management Engine Components\DAL;C:\Program Files (x86)\Intel\Intel(R) Management Engine Components\IPT;C:\Program Files\Intel\Intel(R) Management Engine Components\IPT;C:\Program Files\Microsoft SQL Server\110\DTS\Binn\;C:\Program Files (x86)\Microsoft SQL Server\110\Tools\Binn\;C:\Program Files\Microsoft SQL Server\110\Tools\Binn\;C:\Program Files (x86)\Microsoft SQL Server\110\Tools\Binn\ManagementStudio\;C:\Program Files (x86)\Microsoft Visual Studio 10.0\Common7\IDE\PrivateAssemblies\;C:\Program Files (x86)\Microsoft SQL Server\110\DTS\Binn\;C:\Program Files (x86)\Common Files\lenovo\easyplussdk\bin;C:\Program Files\Microsoft OLE DB Provider for DB2\system;C:\WINDOWS\system32;C:\WINDOWS;C:\WINDOWS\System32\Wbem;C:\WINDOWS\System32\WindowsPowerShell\v1.0\;C:\Program Files (x86)\Skype\Phone\;C:\WINDOWS\system32\config\systemprofile\.dnx\bin;C:\Program Files\Microsoft DNX\Dnvm\;C:\Program Files\Microsoft SQL Server\120\Tools\Binn\;C:\Program Files\Git\cmd;C:\Program Files\Common Files\Autodesk Shared\;C:\Program Files (x86)\PuTTY\;C:\Program Files (x86)\Brackets\command;C:\Users\roshk1n\Downloads\openssl-0.9.8k_X64\bin;C:\Program Files (x86)\Java\jdk1.7.0_55\bin
USERNAME=roshk1n
OS=Windows_NT
PROCESSOR_IDENTIFIER=Intel64 Family 6 Model 58 Stepping 9, GenuineIntel



---------------  S Y S T E M  ---------------

OS: Windows 10.0 , 64 bit Build 10586 (10.0.10586.0)

CPU:total 4 (2 cores per cpu, 2 threads per core) family 6 model 58 stepping 9, cmov, cx8, fxsr, mmx, sse, sse2, sse3, ssse3, sse4.1, sse4.2, popcnt, avx, aes, clmul, erms, ht, tsc, tscinvbit, tscinv

Memory: 4k page, physical 8246884k(497940k free), swap 33412708k(7288k free)

vm_info: Java HotSpot(TM) 64-Bit Server VM (25.60-b23) for windows-amd64 JRE (1.8.0_60-b27), built on Aug  4 2015 11:06:27 by "java_re" with MS VC++ 10.0 (VS2010)

time: Mon Jul 25 22:14:54 2016
elapsed time: 2 seconds (0d 0h 0m 2s)

