#
# There is insufficient memory for the Java Runtime Environment to continue.
# Native memory allocation (malloc) failed to allocate 327840 bytes for Chunk::new
# Possible reasons:
#   The system is out of physical RAM or swap space
#   In 32 bit mode, the process size limit was hit
# Possible solutions:
#   Reduce memory load on the system
#   Increase physical memory or swap space
#   Check if swap backing store is full
#   Use 64 bit Java on a 64 bit OS
#   Decrease Java heap size (-Xmx/-Xms)
#   Decrease number of Java threads
#   Decrease Java thread stack sizes (-Xss)
#   Set larger code cache with -XX:ReservedCodeCacheSize=
# This output file may be truncated or incomplete.
#
#  Out of Memory Error (allocation.cpp:390), pid=2172, tid=6548
#
# JRE version: Java(TM) SE Runtime Environment (8.0_60-b27) (build 1.8.0_60-b27)
# Java VM: Java HotSpot(TM) 64-Bit Server VM (25.60-b23 mixed mode windows-amd64 compressed oops)
# Failed to write core dump. Minidumps are not enabled by default on client versions of Windows
#

---------------  T H R E A D  ---------------

Current thread (0x00000000151d5000):  JavaThread "C2 CompilerThread1" daemon [_thread_in_native, id=6548, stack(0x0000000016910000,0x0000000016a10000)]

Stack: [0x0000000016910000,0x0000000016a10000]
[error occurred during error reporting (printing stack bounds), id 0xc0000005]

Native frames: (J=compiled Java code, j=interpreted, Vv=VM code, C=native code)


Current CompileTask:
C2:   1395  684       4       com.android.dx.ssa.SsaBasicBlock::forEachInsn (37 bytes)


---------------  P R O C E S S  ---------------

Java Threads: ( => current thread )
  0x0000000016de5000 JavaThread "pool-2-thread-4" [_thread_in_Java, id=10788, stack(0x0000000017510000,0x0000000017610000)]
  0x0000000016de3800 JavaThread "pool-2-thread-3" [_thread_blocked, id=11968, stack(0x0000000017410000,0x0000000017510000)]
  0x0000000016de0800 JavaThread "pool-2-thread-2" [_thread_in_Java, id=7840, stack(0x0000000017310000,0x0000000017410000)]
  0x0000000016d66000 JavaThread "pool-3-thread-1" [_thread_blocked, id=1588, stack(0x0000000017210000,0x0000000017310000)]
  0x0000000016d63000 JavaThread "pool-2-thread-1" [_thread_in_Java, id=8344, stack(0x0000000017110000,0x0000000017210000)]
  0x0000000016b1e800 JavaThread "Service Thread" daemon [_thread_blocked, id=7576, stack(0x0000000016f10000,0x0000000017010000)]
  0x000000001522b800 JavaThread "C1 CompilerThread2" daemon [_thread_in_native, id=5816, stack(0x0000000016a10000,0x0000000016b10000)]
=>0x00000000151d5000 JavaThread "C2 CompilerThread1" daemon [_thread_in_native, id=6548, stack(0x0000000016910000,0x0000000016a10000)]
  0x00000000151ce000 JavaThread "C2 CompilerThread0" daemon [_thread_in_native, id=12012, stack(0x0000000016810000,0x0000000016910000)]
  0x00000000151cd000 JavaThread "Attach Listener" daemon [_thread_blocked, id=6112, stack(0x0000000016710000,0x0000000016810000)]
  0x00000000151cb800 JavaThread "Signal Dispatcher" daemon [_thread_blocked, id=7092, stack(0x0000000016610000,0x0000000016710000)]
  0x0000000002a12800 JavaThread "Finalizer" daemon [_thread_blocked, id=5088, stack(0x0000000016430000,0x0000000016530000)]
  0x0000000002a0f800 JavaThread "Reference Handler" daemon [_thread_blocked, id=11956, stack(0x0000000016330000,0x0000000016430000)]
  0x0000000002afe800 JavaThread "main" [_thread_in_Java, id=7892, stack(0x0000000001080000,0x0000000001180000)]

Other Threads:
  0x0000000015196800 VMThread [stack: 0x0000000016230000,0x0000000016330000] [id=11308]
  0x0000000016b16800 WatcherThread [stack: 0x0000000017010000,0x0000000017110000] [id=10184]

VM state:not at safepoint (normal execution)

VM Mutex/Monitor currently owned by a thread: None

Heap:
 PSYoungGen      total 37888K, used 20986K [0x00000000eab00000, 0x00000000ed500000, 0x0000000100000000)
  eden space 32768K, 64% used [0x00000000eab00000,0x00000000ebf7e968,0x00000000ecb00000)
  from space 5120K, 0% used [0x00000000ed000000,0x00000000ed000000,0x00000000ed500000)
  to   space 5120K, 0% used [0x00000000ecb00000,0x00000000ecb00000,0x00000000ed000000)
 ParOldGen       total 86016K, used 0K [0x00000000c0000000, 0x00000000c5400000, 0x00000000eab00000)
  object space 86016K, 0% used [0x00000000c0000000,0x00000000c0000000,0x00000000c5400000)
 Metaspace       used 5786K, capacity 6768K, committed 7040K, reserved 1056768K
  class space    used 598K, capacity 616K, committed 640K, reserved 1048576K

Card table byte_map: [0x0000000011ec0000,0x00000000120d0000] byte_map_base: 0x00000000118c0000

Marking Bits: (ParMarkBitMap*) 0x0000000070d5a5b0
 Begin Bits: [0x0000000012630000, 0x0000000013630000)
 End Bits:   [0x0000000013630000, 0x0000000014630000)

Polling page: 0x0000000000d40000

CodeCache: size=245760Kb used=3109Kb max_used=3109Kb free=242651Kb
 bounds [0x0000000002b00000, 0x0000000002e10000, 0x0000000011b00000]
 total_blobs=1024 nmethods=755 adapters=182
 compilation: enabled

Compilation events (10 events):
Event: 1.381 Thread 0x00000000151ce000  769       4       com.android.dx.rop.code.RegisterSpec::getCategory (13 bytes)
Event: 1.382 Thread 0x00000000151ce000 nmethod 769 0x0000000002de42d0 code [0x0000000002de4420, 0x0000000002de44f8]
Event: 1.382 Thread 0x00000000151ce000  763       4       com.android.dx.rop.code.RegisterSpecList::get (9 bytes)
Event: 1.383 Thread 0x00000000151ce000 nmethod 763 0x0000000002dd6650 code [0x0000000002dd67a0, 0x0000000002dd6878]
Event: 1.383 Thread 0x00000000151ce000  759       4       com.android.dx.util.MutabilityControl::<init> (10 bytes)
Event: 1.384 Thread 0x00000000151ce000 nmethod 759 0x0000000002dd6410 code [0x0000000002dd6540, 0x0000000002dd6598]
Event: 1.384 Thread 0x00000000151ce000  764       4       com.android.dx.rop.type.Type::getBasicFrameType (60 bytes)
Event: 1.384 Thread 0x00000000151ce000 nmethod 764 0x0000000002de4090 code [0x0000000002de41c0, 0x0000000002de4238]
Event: 1.387 Thread 0x00000000151ce000  772   !   4       com.android.dx.util.FixedSizeList::set0 (22 bytes)
Event: 1.388 Thread 0x00000000151ce000 nmethod 772 0x0000000002de8310 code [0x0000000002de8460, 0x0000000002de8578]

GC Heap History (0 events):
No events

Deoptimization events (3 events):
Event: 0.488 Thread 0x0000000002afe800 Uncommon trap: reason=unstable_if action=reinterpret pc=0x0000000002c4f554 method=java.lang.String.compareTo(Ljava/lang/String;)I @ 38
Event: 1.094 Thread 0x0000000016de3800 Uncommon trap: reason=unstable_if action=reinterpret pc=0x0000000002d2b85c method=java.util.HashMap.getNode(ILjava/lang/Object;)Ljava/util/HashMap$Node; @ 129
Event: 1.352 Thread 0x0000000016de0800 Uncommon trap: reason=unstable_if action=reinterpret pc=0x0000000002d3af70 method=java.util.BitSet.nextSetBit(I)I @ 87

Internal exceptions (2 events):
Event: 0.090 Thread 0x0000000002afe800 Exception <a 'java/lang/NoSuchMethodError': Method sun.misc.Unsafe.defineClass(Ljava/lang/String;[BII)Ljava/lang/Class; name or signature does not match> (0x00000000eab13078) thrown at [C:\re\workspace\8-2-build-windows-amd64-cygwin\jdk8u60\4407\hotspot\srVQ…ö¶?
Event: 0.090 Thread 0x0000000002afe800 Exception <a 'java/lang/NoSuchMethodError': Method sun.misc.Unsafe.prefetchRead(Ljava/lang/Object;J)V name or signature does not match> (0x00000000eab13360) thrown at [C:\re\workspace\8-2-build-windows-amd64-cygwin\jdk8u60\4407\hotspot\src\share\vm\prims\j

Events (10 events):
Event: 1.336 loading class com/android/dx/dex/file/UniformListItem done
Event: 1.337 loading class com/android/dx/dex/file/AnnotationSetRefItem
Event: 1.337 loading class com/android/dx/dex/file/AnnotationSetRefItem done
Event: 1.338 loading class com/android/dx/cf/attrib/AttRuntimeVisibleAnnotations
Event: 1.338 loading class com/android/dx/cf/attrib/AttRuntimeVisibleAnnotations done
Event: 1.352 Thread 0x0000000016de0800 Uncommon trap: trap_request=0xffffff65 fr.pc=0x0000000002d3af70
Event: 1.352 Thread 0x0000000016de0800 DEOPT PACKING pc=0x0000000002d3af70 sp=0x000000001740ecc0
Event: 1.352 Thread 0x0000000016de0800 DEOPT UNPACKING pc=0x0000000002b4582a sp=0x000000001740ec58 mode 2
Event: 1.352 loading class com/android/dx/dex/file/MethodAnnotationStruct
Event: 1.352 loading class com/android/dx/dex/file/MethodAnnotationStruct done


Dynamic libraries:
0x00007ff6e4ba0000 - 0x00007ff6e4bd7000 	C:\Program Files\Java\jdk1.8.0_60\bin\java.exe
0x00007ff896f30000 - 0x00007ff8970f1000 	C:\WINDOWS\SYSTEM32\ntdll.dll
0x00007ff896d60000 - 0x00007ff896e0d000 	C:\WINDOWS\system32\KERNEL32.DLL
0x00007ff8940f0000 - 0x00007ff8942d8000 	C:\WINDOWS\system32\KERNELBASE.dll
0x00007ff896cb0000 - 0x00007ff896d57000 	C:\WINDOWS\system32\ADVAPI32.dll
0x00007ff894e10000 - 0x00007ff894ead000 	C:\WINDOWS\system32\msvcrt.dll
0x00007ff894920000 - 0x00007ff89497b000 	C:\WINDOWS\system32\sechost.dll
0x00007ff896e10000 - 0x00007ff896f2c000 	C:\WINDOWS\system32\RPCRT4.dll
0x00007ff8947c0000 - 0x00007ff894916000 	C:\WINDOWS\system32\USER32.dll
0x00007ff894ac0000 - 0x00007ff894c46000 	C:\WINDOWS\system32\GDI32.dll
0x00007ff88ca10000 - 0x00007ff88cc84000 	C:\WINDOWS\WinSxS\amd64_microsoft.windows.common-controls_6595b64144ccf1df_6.0.10586.494_none_a2d8b04ea53e3145\COMCTL32.dll
0x00007ff8954d0000 - 0x00007ff89574d000 	C:\WINDOWS\system32\combase.dll
0x00007ff893c30000 - 0x00007ff893c9a000 	C:\WINDOWS\system32\bcryptPrimitives.dll
0x00007ff895480000 - 0x00007ff8954bb000 	C:\WINDOWS\system32\IMM32.DLL
0x0000000070de0000 - 0x0000000070eb2000 	C:\Program Files\Java\jdk1.8.0_60\jre\bin\msvcr100.dll
0x0000000070550000 - 0x0000000070dd9000 	C:\Program Files\Java\jdk1.8.0_60\jre\bin\server\jvm.dll
0x00007ff894a00000 - 0x00007ff894a08000 	C:\WINDOWS\system32\PSAPI.DLL
0x00007ff891d10000 - 0x00007ff891d19000 	C:\WINDOWS\SYSTEM32\WSOCK32.dll
0x00007ff894eb0000 - 0x00007ff894f1b000 	C:\WINDOWS\system32\WS2_32.dll
0x00007ff891c80000 - 0x00007ff891ca3000 	C:\WINDOWS\SYSTEM32\WINMM.dll
0x00007ff891b10000 - 0x00007ff891b3c000 	C:\WINDOWS\SYSTEM32\WINMMBASE.dll
0x00007ff8942e0000 - 0x00007ff894323000 	C:\WINDOWS\system32\cfgmgr32.dll
0x00007ff88cff0000 - 0x00007ff88cffa000 	C:\WINDOWS\SYSTEM32\VERSION.dll
0x0000000070540000 - 0x000000007054f000 	C:\Program Files\Java\jdk1.8.0_60\jre\bin\verify.dll
0x0000000070510000 - 0x0000000070539000 	C:\Program Files\Java\jdk1.8.0_60\jre\bin\java.dll
0x00000000704f0000 - 0x0000000070506000 	C:\Program Files\Java\jdk1.8.0_60\jre\bin\zip.dll
0x00007ff895750000 - 0x00007ff896cac000 	C:\WINDOWS\system32\SHELL32.dll
0x00007ff8935e0000 - 0x00007ff893c25000 	C:\WINDOWS\system32\windows.storage.dll
0x00007ff894980000 - 0x00007ff8949d2000 	C:\WINDOWS\system32\shlwapi.dll
0x00007ff893550000 - 0x00007ff89355f000 	C:\WINDOWS\system32\kernel.appcore.dll
0x00007ff893ed0000 - 0x00007ff893f85000 	C:\WINDOWS\system32\shcore.dll
0x00007ff893560000 - 0x00007ff8935ab000 	C:\WINDOWS\system32\powrprof.dll
0x00007ff8935c0000 - 0x00007ff8935d4000 	C:\WINDOWS\system32\profapi.dll

VM Arguments:
jvm_args: -Djava.awt.headless=true -Xmx1024M -Dfile.encoding=windows-1251 -Duser.country=US -Duser.language=en -Duser.variant 
java_command: com.android.dx.command.Main --dex --force-jumbo --num-threads=4 --multi-dex --output E:\Education\Summer_Camp\FoodCalculator\app\build\intermediates\transforms\dex\debug\folders\1000\10\com.android.support-design-23.4.0_3203139c23fd2a01aa3bee2b6c044550d325e96f E:\Education\Summer_Camp\FoodCalculator\app\build\intermediates\exploded-aar\com.android.support\design\23.4.0\jars\classes.jar
java_class_path (initial): E:\Android\sdk\build-tools\23.0.2\lib\dx.jar
Launcher Type: SUN_STANDARD

Environment Variables:
PATH=C:\Program Files (x86)\Common Files\Intel\Shared Files\cpp\bin\Intel64;C:\ProgramData\Oracle\Java\javapath;C:\Program Files (x86)\Intel\iCLS Client\;C:\Program Files\Intel\iCLS Client\;C:\Windows\system32;C:\Windows;C:\Windows\System32\Wbem;C:\Windows\System32\WindowsPowerShell\v1.0\;C:\Program Files (x86)\NVIDIA Corporation\PhysX\Common;C:\Program Files (x86)\Microsoft Emulator Manager\1.0\;C:\Program Files (x86)\Intel\Intel(R) Management Engine Components\DAL;C:\Program Files\Intel\Intel(R) Management Engine Components\DAL;C:\Program Files (x86)\Intel\Intel(R) Management Engine Components\IPT;C:\Program Files\Intel\Intel(R) Management Engine Components\IPT;C:\Program Files\Microsoft SQL Server\110\DTS\Binn\;C:\Program Files (x86)\Microsoft SQL Server\110\Tools\Binn\;C:\Program Files\Microsoft SQL Server\110\Tools\Binn\;C:\Program Files (x86)\Microsoft SQL Server\110\Tools\Binn\ManagementStudio\;C:\Program Files (x86)\Microsoft Visual Studio 10.0\Common7\IDE\PrivateAssemblies\;C:\Program Files (x86)\Microsoft SQL Server\110\DTS\Binn\;C:\Program Files (x86)\Common Files\lenovo\easyplussdk\bin;C:\Program Files\Microsoft OLE DB Provider for DB2\system;C:\WINDOWS\system32;C:\WINDOWS;C:\WINDOWS\System32\Wbem;C:\WINDOWS\System32\WindowsPowerShell\v1.0\;C:\Program Files (x86)\Skype\Phone\;C:\WINDOWS\system32\config\systemprofile\.dnx\bin;C:\Program Files\Microsoft DNX\Dnvm\;C:\Program Files\Microsoft SQL Server\120\Tools\Binn\;C:\Program Files\Git\cmd;C:\Program Files\Common Files\Autodesk Shared\;C:\Program Files (x86)\PuTTY\;C:\Program Files (x86)\Brackets\command;C:\Users\roshk1n\Downloads\openssl-0.9.8k_X64\bin;C:\Program Files (x86)\Java\jdk1.7.0_55\bin
USERNAME=roshk1n
OS=Windows_NT
PROCESSOR_IDENTIFIER=Intel64 Family 6 Model 58 Stepping 9, GenuineIntel



---------------  S Y S T E M  ---------------

OS: Windows 10.0 , 64 bit Build 10586 (10.0.10586.0)

CPU:total 4 (2 cores per cpu, 2 threads per core) family 6 model 58 stepping 9, cmov, cx8, fxsr, mmx, sse, sse2, sse3, ssse3, sse4.1, sse4.2, popcnt, avx, aes, clmul, erms, ht, tsc, tscinvbit, tscinv

Memory: 4k page, physical 8246884k(421204k free), swap 33412708k(5312k free)

vm_info: Java HotSpot(TM) 64-Bit Server VM (25.60-b23) for windows-amd64 JRE (1.8.0_60-b27), built on Aug  4 2015 11:06:27 by "java_re" with MS VC++ 10.0 (VS2010)

time: Mon Jul 25 22:14:41 2016
elapsed time: 1 seconds (0d 0h 0m 1s)

