#
# There is insufficient memory for the Java Runtime Environment to continue.
# Native memory allocation (malloc) failed to allocate 78016 bytes for Chunk::new
# Possible reasons:
#   The system is out of physical RAM or swap space
#   In 32 bit mode, the process size limit was hit
# Possible solutions:
#   Reduce memory load on the system
#   Increase physical memory or swap space
#   Check if swap backing store is full
#   Use 64 bit Java on a 64 bit OS
#   Decrease Java heap size (-Xmx/-Xms)
#   Decrease number of Java threads
#   Decrease Java thread stack sizes (-Xss)
#   Set larger code cache with -XX:ReservedCodeCacheSize=
# This output file may be truncated or incomplete.
#
#  Out of Memory Error (allocation.cpp:390), pid=3556, tid=12244
#
# JRE version: Java(TM) SE Runtime Environment (8.0_60-b27) (build 1.8.0_60-b27)
# Java VM: Java HotSpot(TM) 64-Bit Server VM (25.60-b23 mixed mode windows-amd64 compressed oops)
# Failed to write core dump. Minidumps are not enabled by default on client versions of Windows
#

---------------  T H R E A D  ---------------

Current thread (0x0000000014f0e800):  JavaThread "C2 CompilerThread0" daemon [_thread_in_native, id=12244, stack(0x0000000016550000,0x0000000016650000)]

Stack: [0x0000000016550000,0x0000000016650000]
[error occurred during error reporting (printing stack bounds), id 0xc0000005]

Native frames: (J=compiled Java code, j=interpreted, Vv=VM code, C=native code)


Current CompileTask:
C2:   1846  133 %     4       java.lang.String::replace @ 20 (127 bytes)


---------------  P R O C E S S  ---------------

Java Threads: ( => current thread )
  0x0000000016856800 JavaThread "Service Thread" daemon [_thread_blocked, id=12388, stack(0x0000000016c50000,0x0000000016d50000)]
  0x0000000014f6c000 JavaThread "C1 CompilerThread2" daemon [_thread_in_vm, id=11816, stack(0x0000000016750000,0x0000000016850000)]
  0x0000000014f13000 JavaThread "C2 CompilerThread1" daemon [_thread_in_native, id=8944, stack(0x0000000016650000,0x0000000016750000)]
=>0x0000000014f0e800 JavaThread "C2 CompilerThread0" daemon [_thread_in_native, id=12244, stack(0x0000000016550000,0x0000000016650000)]
  0x0000000014f0d000 JavaThread "Attach Listener" daemon [_thread_blocked, id=5472, stack(0x0000000016450000,0x0000000016550000)]
  0x0000000014f0b800 JavaThread "Signal Dispatcher" daemon [_thread_blocked, id=12536, stack(0x0000000016350000,0x0000000016450000)]
  0x0000000002831800 JavaThread "Finalizer" daemon [_thread_blocked, id=12640, stack(0x0000000016170000,0x0000000016270000)]
  0x000000000282e000 JavaThread "Reference Handler" daemon [_thread_blocked, id=7720, stack(0x0000000016070000,0x0000000016170000)]
  0x0000000000eee800 JavaThread "main" [_thread_in_Java, id=6224, stack(0x0000000002640000,0x0000000002740000)]

Other Threads:
  0x0000000014ed7800 VMThread [stack: 0x0000000015f70000,0x0000000016070000] [id=4668]
  0x000000001686b800 WatcherThread [stack: 0x0000000016d50000,0x0000000016e50000] [id=5688]

VM state:not at safepoint (normal execution)

VM Mutex/Monitor currently owned by a thread: None

Heap:
 PSYoungGen      total 37888K, used 9229K [0x00000000eab00000, 0x00000000ed500000, 0x0000000100000000)
  eden space 32768K, 28% used [0x00000000eab00000,0x00000000eb403608,0x00000000ecb00000)
  from space 5120K, 0% used [0x00000000ed000000,0x00000000ed000000,0x00000000ed500000)
  to   space 5120K, 0% used [0x00000000ecb00000,0x00000000ecb00000,0x00000000ed000000)
 ParOldGen       total 86016K, used 0K [0x00000000c0000000, 0x00000000c5400000, 0x00000000eab00000)
  object space 86016K, 0% used [0x00000000c0000000,0x00000000c0000000,0x00000000c5400000)
 Metaspace       used 3660K, capacity 4880K, committed 5120K, reserved 1056768K
  class space    used 402K, capacity 456K, committed 512K, reserved 1048576K

Card table byte_map: [0x0000000011c00000,0x0000000011e10000] byte_map_base: 0x0000000011600000

Marking Bits: (ParMarkBitMap*) 0x0000000070d5a5b0
 Begin Bits: [0x0000000012370000, 0x0000000013370000)
 End Bits:   [0x0000000013370000, 0x0000000014370000)

Polling page: 0x0000000000e70000

CodeCache: size=245760Kb used=1432Kb max_used=1432Kb free=244327Kb
 bounds [0x0000000002840000, 0x0000000002ab0000, 0x0000000011840000]
 total_blobs=421 nmethods=169 adapters=165
 compilation: enabled

Compilation events (10 events):
Event: 0.631 Thread 0x0000000014f6c000 nmethod 124 0x000000000298e990 code [0x000000000298eb20, 0x000000000298ef78]
Event: 0.631 Thread 0x0000000014f6c000  123       3       java.util.regex.Pattern::<init> (90 bytes)
Event: 0.632 Thread 0x0000000014f6c000 nmethod 123 0x000000000298e1d0 code [0x000000000298e360, 0x000000000298e7d8]
Event: 0.632 Thread 0x0000000014f6c000  125       3       java.util.regex.Matcher::quoteReplacement (82 bytes)
Event: 0.633 Thread 0x0000000014f13000 nmethod 130 0x000000000298add0 code [0x000000000298af20, 0x000000000298b058]
Event: 0.633 Thread 0x0000000014f13000  136       4       java.util.regex.Pattern$BnM::optimize (179 bytes)
Event: 0.633 Thread 0x0000000014f6c000 nmethod 125 0x000000000298c390 code [0x000000000298c600, 0x000000000298d878]
Event: 0.633 Thread 0x0000000014f6c000  131       3       java.util.regex.Matcher::<init> (84 bytes)
Event: 0.633 Thread 0x0000000014f6c000 nmethod 131 0x0000000002990110 code [0x00000000029902a0, 0x0000000002990768]
Event: 0.633 Thread 0x0000000014f6c000  126       3       java.util.regex.Matcher::replaceAll (59 bytes)

GC Heap History (0 events):
No events

Deoptimization events (0 events):
No events

Internal exceptions (2 events):
Event: 0.330 Thread 0x0000000000eee800 Exception <a 'java/lang/NoSuchMethodError': Method sun.misc.Unsafe.defineClass(Ljava/lang/String;[BII)Ljava/lang/Class; name or signature does not match> (0x00000000eab13078) thrown at [C:\re\workspace\8-2-build-windows-amd64-cygwin\jdk8u60\4407\hotspot\srí€“ðô&Õ?
Event: 0.331 Thread 0x0000000000eee800 Exception <a 'java/lang/NoSuchMethodError': Method sun.misc.Unsafe.prefetchRead(Ljava/lang/Object;J)V name or signature does not match> (0x00000000eab13360) thrown at [C:\re\workspace\8-2-build-windows-amd64-cygwin\jdk8u60\4407\hotspot\src\share\vm\prims\j

Events (10 events):
Event: 0.618 loading class java/util/regex/Pattern$SliceNode done
Event: 0.618 loading class java/util/regex/Pattern$Slice done
Event: 0.618 loading class java/util/regex/Pattern$BnM
Event: 0.618 loading class java/util/regex/Pattern$BnM done
Event: 0.618 loading class java/util/regex/Pattern$SliceS
Event: 0.618 loading class java/util/regex/Pattern$SliceS done
Event: 0.618 loading class java/util/regex/Matcher
Event: 0.618 loading class java/util/regex/MatchResult
Event: 0.618 loading class java/util/regex/MatchResult done
Event: 0.618 loading class java/util/regex/Matcher done


Dynamic libraries:
0x00007ff6e4ba0000 - 0x00007ff6e4bd7000 	C:\Program Files\Java\jdk1.8.0_60\bin\java.exe
0x00007ff896f30000 - 0x00007ff8970f1000 	C:\WINDOWS\SYSTEM32\ntdll.dll
0x00007ff896d60000 - 0x00007ff896e0d000 	C:\WINDOWS\system32\KERNEL32.DLL
0x00007ff8940f0000 - 0x00007ff8942d8000 	C:\WINDOWS\system32\KERNELBASE.dll
0x00007ff896cb0000 - 0x00007ff896d57000 	C:\WINDOWS\system32\ADVAPI32.dll
0x00007ff894e10000 - 0x00007ff894ead000 	C:\WINDOWS\system32\msvcrt.dll
0x00007ff894920000 - 0x00007ff89497b000 	C:\WINDOWS\system32\sechost.dll
0x00007ff896e10000 - 0x00007ff896f2c000 	C:\WINDOWS\system32\RPCRT4.dll
0x00007ff8947c0000 - 0x00007ff894916000 	C:\WINDOWS\system32\USER32.dll
0x00007ff894ac0000 - 0x00007ff894c46000 	C:\WINDOWS\system32\GDI32.dll
0x00007ff88ca10000 - 0x00007ff88cc84000 	C:\WINDOWS\WinSxS\amd64_microsoft.windows.common-controls_6595b64144ccf1df_6.0.10586.494_none_a2d8b04ea53e3145\COMCTL32.dll
0x00007ff8954d0000 - 0x00007ff89574d000 	C:\WINDOWS\system32\combase.dll
0x00007ff893c30000 - 0x00007ff893c9a000 	C:\WINDOWS\system32\bcryptPrimitives.dll
0x00007ff895480000 - 0x00007ff8954bb000 	C:\WINDOWS\system32\IMM32.DLL
0x0000000070de0000 - 0x0000000070eb2000 	C:\Program Files\Java\jdk1.8.0_60\jre\bin\msvcr100.dll
0x0000000070550000 - 0x0000000070dd9000 	C:\Program Files\Java\jdk1.8.0_60\jre\bin\server\jvm.dll
0x00007ff894a00000 - 0x00007ff894a08000 	C:\WINDOWS\system32\PSAPI.DLL
0x00007ff891d10000 - 0x00007ff891d19000 	C:\WINDOWS\SYSTEM32\WSOCK32.dll
0x00007ff894eb0000 - 0x00007ff894f1b000 	C:\WINDOWS\system32\WS2_32.dll
0x00007ff891c80000 - 0x00007ff891ca3000 	C:\WINDOWS\SYSTEM32\WINMM.dll
0x00007ff88cff0000 - 0x00007ff88cffa000 	C:\WINDOWS\SYSTEM32\VERSION.dll
0x00007ff891b10000 - 0x00007ff891b3c000 	C:\WINDOWS\SYSTEM32\WINMMBASE.dll
0x00007ff8942e0000 - 0x00007ff894323000 	C:\WINDOWS\system32\cfgmgr32.dll
0x0000000070540000 - 0x000000007054f000 	C:\Program Files\Java\jdk1.8.0_60\jre\bin\verify.dll
0x0000000070510000 - 0x0000000070539000 	C:\Program Files\Java\jdk1.8.0_60\jre\bin\java.dll
0x00000000704f0000 - 0x0000000070506000 	C:\Program Files\Java\jdk1.8.0_60\jre\bin\zip.dll
0x00007ff895750000 - 0x00007ff896cac000 	C:\WINDOWS\system32\SHELL32.dll
0x00007ff8935e0000 - 0x00007ff893c25000 	C:\WINDOWS\system32\windows.storage.dll
0x00007ff894980000 - 0x00007ff8949d2000 	C:\WINDOWS\system32\shlwapi.dll
0x00007ff893550000 - 0x00007ff89355f000 	C:\WINDOWS\system32\kernel.appcore.dll
0x00007ff893ed0000 - 0x00007ff893f85000 	C:\WINDOWS\system32\shcore.dll
0x00007ff893560000 - 0x00007ff8935ab000 	C:\WINDOWS\system32\powrprof.dll
0x00007ff8935c0000 - 0x00007ff8935d4000 	C:\WINDOWS\system32\profapi.dll

VM Arguments:
jvm_args: -Djava.awt.headless=true -Xmx1024M -Dfile.encoding=windows-1251 -Duser.country=US -Duser.language=en -Duser.variant 
java_command: com.android.dx.command.Main --dex --force-jumbo --num-threads=4 --multi-dex --output E:\Education\Summer_Camp\FoodCalculator\app\build\intermediates\transforms\dex\debug\folders\1000\10\internal_impl-23.4.0_ed7fcf542cedcd69d2d69e552915b8a725cf1381 E:\Education\Summer_Camp\FoodCalculator\app\build\intermediates\exploded-aar\com.android.support\support-v4\23.4.0\jars\libs\internal_impl-23.4.0.jar
java_class_path (initial): E:\Android\sdk\build-tools\23.0.2\lib\dx.jar
Launcher Type: SUN_STANDARD

Environment Variables:
PATH=C:\Program Files (x86)\Common Files\Intel\Shared Files\cpp\bin\Intel64;C:\ProgramData\Oracle\Java\javapath;C:\Program Files (x86)\Intel\iCLS Client\;C:\Program Files\Intel\iCLS Client\;C:\Windows\system32;C:\Windows;C:\Windows\System32\Wbem;C:\Windows\System32\WindowsPowerShell\v1.0\;C:\Program Files (x86)\NVIDIA Corporation\PhysX\Common;C:\Program Files (x86)\Microsoft Emulator Manager\1.0\;C:\Program Files (x86)\Intel\Intel(R) Management Engine Components\DAL;C:\Program Files\Intel\Intel(R) Management Engine Components\DAL;C:\Program Files (x86)\Intel\Intel(R) Management Engine Components\IPT;C:\Program Files\Intel\Intel(R) Management Engine Components\IPT;C:\Program Files\Microsoft SQL Server\110\DTS\Binn\;C:\Program Files (x86)\Microsoft SQL Server\110\Tools\Binn\;C:\Program Files\Microsoft SQL Server\110\Tools\Binn\;C:\Program Files (x86)\Microsoft SQL Server\110\Tools\Binn\ManagementStudio\;C:\Program Files (x86)\Microsoft Visual Studio 10.0\Common7\IDE\PrivateAssemblies\;C:\Program Files (x86)\Microsoft SQL Server\110\DTS\Binn\;C:\Program Files (x86)\Common Files\lenovo\easyplussdk\bin;C:\Program Files\Microsoft OLE DB Provider for DB2\system;C:\WINDOWS\system32;C:\WINDOWS;C:\WINDOWS\System32\Wbem;C:\WINDOWS\System32\WindowsPowerShell\v1.0\;C:\Program Files (x86)\Skype\Phone\;C:\WINDOWS\system32\config\systemprofile\.dnx\bin;C:\Program Files\Microsoft DNX\Dnvm\;C:\Program Files\Microsoft SQL Server\120\Tools\Binn\;C:\Program Files\Git\cmd;C:\Program Files\Common Files\Autodesk Shared\;C:\Program Files (x86)\PuTTY\;C:\Program Files (x86)\Brackets\command;C:\Users\roshk1n\Downloads\openssl-0.9.8k_X64\bin;C:\Program Files (x86)\Java\jdk1.7.0_55\bin
USERNAME=roshk1n
OS=Windows_NT
PROCESSOR_IDENTIFIER=Intel64 Family 6 Model 58 Stepping 9, GenuineIntel



---------------  S Y S T E M  ---------------

OS: Windows 10.0 , 64 bit Build 10586 (10.0.10586.0)

CPU:total 4 (2 cores per cpu, 2 threads per core) family 6 model 58 stepping 9, cmov, cx8, fxsr, mmx, sse, sse2, sse3, ssse3, sse4.1, sse4.2, popcnt, avx, aes, clmul, erms, ht, tsc, tscinvbit, tscinv

Memory: 4k page, physical 8246884k(601364k free), swap 33412708k(425716k free)

vm_info: Java HotSpot(TM) 64-Bit Server VM (25.60-b23) for windows-amd64 JRE (1.8.0_60-b27), built on Aug  4 2015 11:06:27 by "java_re" with MS VC++ 10.0 (VS2010)

time: Mon Jul 25 22:14:58 2016
elapsed time: 1 seconds (0d 0h 0m 1s)

