#
# There is insufficient memory for the Java Runtime Environment to continue.
# Native memory allocation (malloc) failed to allocate 32744 bytes for ChunkPool::allocate
# Possible reasons:
#   The system is out of physical RAM or swap space
#   In 32 bit mode, the process size limit was hit
# Possible solutions:
#   Reduce memory load on the system
#   Increase physical memory or swap space
#   Check if swap backing store is full
#   Use 64 bit Java on a 64 bit OS
#   Decrease Java heap size (-Xmx/-Xms)
#   Decrease number of Java threads
#   Decrease Java thread stack sizes (-Xss)
#   Set larger code cache with -XX:ReservedCodeCacheSize=
# This output file may be truncated or incomplete.
#
#  Out of Memory Error (allocation.cpp:273), pid=13224, tid=12512
#
# JRE version: Java(TM) SE Runtime Environment (8.0_60-b27) (build 1.8.0_60-b27)
# Java VM: Java HotSpot(TM) 64-Bit Server VM (25.60-b23 mixed mode windows-amd64 compressed oops)
# Failed to write core dump. Minidumps are not enabled by default on client versions of Windows
#

---------------  T H R E A D  ---------------

Current thread (0x00000000156de000):  JavaThread "C1 CompilerThread2" daemon [_thread_in_native, id=12512, stack(0x0000000016eb0000,0x0000000016fb0000)]

Stack: [0x0000000016eb0000,0x0000000016fb0000]
[error occurred during error reporting (printing stack bounds), id 0xc0000005]

Native frames: (J=compiled Java code, j=interpreted, Vv=VM code, C=native code)


Current CompileTask:
C1:    638   87       3       sun.nio.cs.UTF_8$Decoder::decode (779 bytes)


---------------  P R O C E S S  ---------------

Java Threads: ( => current thread )
  0x0000000016fb5000 JavaThread "Service Thread" daemon [_thread_blocked, id=12068, stack(0x00000000173b0000,0x00000000174b0000)]
=>0x00000000156de000 JavaThread "C1 CompilerThread2" daemon [_thread_in_native, id=12512, stack(0x0000000016eb0000,0x0000000016fb0000)]
  0x0000000015685000 JavaThread "C2 CompilerThread1" daemon [_thread_blocked, id=12988, stack(0x0000000016db0000,0x0000000016eb0000)]
  0x000000001567e000 JavaThread "C2 CompilerThread0" daemon [_thread_blocked, id=12888, stack(0x0000000016cb0000,0x0000000016db0000)]
  0x000000001567d000 JavaThread "Attach Listener" daemon [_thread_blocked, id=11540, stack(0x0000000016bb0000,0x0000000016cb0000)]
  0x000000001567b800 JavaThread "Signal Dispatcher" daemon [_thread_blocked, id=4436, stack(0x0000000016ab0000,0x0000000016bb0000)]
  0x0000000002fa2800 JavaThread "Finalizer" daemon [_thread_blocked, id=7408, stack(0x00000000168d0000,0x00000000169d0000)]
  0x0000000002f9f800 JavaThread "Reference Handler" daemon [_thread_blocked, id=6408, stack(0x00000000167d0000,0x00000000168d0000)]
  0x00000000015fe800 JavaThread "main" [_thread_in_vm, id=1144, stack(0x0000000002db0000,0x0000000002eb0000)]

Other Threads:
  0x0000000015646800 VMThread [stack: 0x00000000166d0000,0x00000000167d0000] [id=10316]
  0x0000000016fca800 WatcherThread [stack: 0x00000000174b0000,0x00000000175b0000] [id=8660]

VM state:not at safepoint (normal execution)

VM Mutex/Monitor currently owned by a thread:  ([mutex/lock_event])
[0x00000000015fd7a0] AdapterHandlerLibrary_lock - owner thread: 0x00000000015fe800

Heap:
 PSYoungGen      total 37888K, used 3280K [0x00000000eab00000, 0x00000000ed500000, 0x0000000100000000)
  eden space 32768K, 10% used [0x00000000eab00000,0x00000000eae341f0,0x00000000ecb00000)
  from space 5120K, 0% used [0x00000000ed000000,0x00000000ed000000,0x00000000ed500000)
  to   space 5120K, 0% used [0x00000000ecb00000,0x00000000ecb00000,0x00000000ed000000)
 ParOldGen       total 86016K, used 0K [0x00000000c0000000, 0x00000000c5400000, 0x00000000eab00000)
  object space 86016K, 0% used [0x00000000c0000000,0x00000000c0000000,0x00000000c5400000)
 Metaspace       used 3256K, capacity 4720K, committed 4864K, reserved 1056768K
  class space    used 362K, capacity 424K, committed 512K, reserved 1048576K

Card table byte_map: [0x0000000012370000,0x0000000012580000] byte_map_base: 0x0000000011d70000

Marking Bits: (ParMarkBitMap*) 0x0000000070d5a5b0
 Begin Bits: [0x0000000012ae0000, 0x0000000013ae0000)
 End Bits:   [0x0000000013ae0000, 0x0000000014ae0000)

Polling page: 0x0000000001170000

CodeCache: size=245760Kb used=1215Kb max_used=1215Kb free=244544Kb
 bounds [0x0000000002fb0000, 0x0000000003220000, 0x0000000011fb0000]
 total_blobs=328 nmethods=88 adapters=153
 compilation: enabled

Compilation events (10 events):
Event: 0.616 Thread 0x00000000156de000 nmethod 81 0x00000000030de290 code [0x00000000030de3e0, 0x00000000030de550]
Event: 0.617 Thread 0x00000000156de000   82       3       java.util.zip.ZipFile::access$400 (5 bytes)
Event: 0.617 Thread 0x00000000156de000 nmethod 82 0x00000000030de5d0 code [0x00000000030de720, 0x00000000030de850]
Event: 0.620 Thread 0x00000000156de000   84       1       java.util.zip.ZipFile::access$300 (5 bytes)
Event: 0.621 Thread 0x00000000156de000 nmethod 84 0x00000000030decd0 code [0x00000000030dee20, 0x00000000030def10]
Event: 0.621 Thread 0x00000000156de000   85       3       java.util.zip.ZipFile::ensureOpen (37 bytes)
Event: 0.621 Thread 0x00000000156de000 nmethod 85 0x00000000030def90 code [0x00000000030df120, 0x00000000030df3f8]
Event: 0.621 Thread 0x00000000156de000   86       1       java.util.zip.ZipCoder::isUTF8 (5 bytes)
Event: 0.621 Thread 0x00000000156de000 nmethod 86 0x00000000030df510 code [0x00000000030df660, 0x00000000030df770]
Event: 0.621 Thread 0x00000000156de000   87       3       sun.nio.cs.UTF_8$Decoder::decode (779 bytes)

GC Heap History (0 events):
No events

Deoptimization events (0 events):
No events

Internal exceptions (2 events):
Event: 0.334 Thread 0x00000000015fe800 Exception <a 'java/lang/NoSuchMethodError': Method sun.misc.Unsafe.defineClass(Ljava/lang/String;[BII)Ljava/lang/Class; name or signature does not match> (0x00000000eab13078) thrown at [C:\re\workspace\8-2-build-windows-amd64-cygwin\jdk8u60\4407\hotspot\srÎ8Ëý?]Õ?
Event: 0.334 Thread 0x00000000015fe800 Exception <a 'java/lang/NoSuchMethodError': Method sun.misc.Unsafe.prefetchRead(Ljava/lang/Object;J)V name or signature does not match> (0x00000000eab13360) thrown at [C:\re\workspace\8-2-build-windows-amd64-cygwin\jdk8u60\4407\hotspot\src\share\vm\prims\j

Events (10 events):
Event: 0.613 loading class java/util/concurrent/Executors$DelegatedExecutorService done
Event: 0.613 loading class java/util/concurrent/Executors$FinalizableDelegatedExecutorService done
Event: 0.613 loading class com/android/dx/cf/direct/ClassPathOpener
Event: 0.613 loading class com/android/dx/cf/direct/ClassPathOpener done
Event: 0.614 loading class com/android/dx/cf/direct/ClassPathOpener$1
Event: 0.614 loading class com/android/dx/cf/direct/ClassPathOpener$1 done
Event: 0.614 loading class com/android/dx/command/dexer/Main$FileBytesConsumer
Event: 0.615 loading class com/android/dx/command/dexer/Main$FileBytesConsumer done
Event: 0.616 loading class java/util/zip/ZipFile$ZipEntryIterator
Event: 0.616 loading class java/util/zip/ZipFile$ZipEntryIterator done


Dynamic libraries:
0x00007ff6e4ba0000 - 0x00007ff6e4bd7000 	C:\Program Files\Java\jdk1.8.0_60\bin\java.exe
0x00007ff896f30000 - 0x00007ff8970f1000 	C:\WINDOWS\SYSTEM32\ntdll.dll
0x00007ff896d60000 - 0x00007ff896e0d000 	C:\WINDOWS\system32\KERNEL32.DLL
0x00007ff8940f0000 - 0x00007ff8942d8000 	C:\WINDOWS\system32\KERNELBASE.dll
0x00007ff896cb0000 - 0x00007ff896d57000 	C:\WINDOWS\system32\cfgmgr32.dll
0x00007ff894e10000 - 0x00007ff894ead000 	C:\WINDOWS\system32\msvcrt.dll
0x00007ff894920000 - 0x00007ff89497b000 	C:\WINDOWS\system32\sechost.dll
0x00007ff896e10000 - 0x00007ff896f2c000 	C:\WINDOWS\system32\RPCRT4.dll
0x00007ff8947c0000 - 0x00007ff894916000 	C:\WINDOWS\system32\USER32.dll
0x00007ff894ac0000 - 0x00007ff894c46000 	C:\WINDOWS\system32\GDI32.dll
0x00007ff88ca10000 - 0x00007ff88cc84000 	C:\Program Files\Java\jdk1.8.0_60\bin\java.exe
0x00007ff8954d0000 - 0x00007ff89574d000 	C:\WINDOWS\system32\ADVAPI32.dll
0x00007ff893c30000 - 0x00007ff893c9a000 	C:\WINDOWS\system32\RPCRT4.dll
0x00007ff895480000 - 0x00007ff8954bb000 	C:\WINDOWS\system32\GDI32.dll
0x0000000070de0000 - 0x0000000070eb2000 	C:\Program Files\Java\jdk1.8.0_60\jre\bin\msvcr100.dll
0x0000000070550000 - 0x0000000070dd9000 	C:\Program Files\Java\jdk1.8.0_60\jre\bin\server\jvm.dll
0x00007ff894a00000 - 0x00007ff894a08000 	C:\WINDOWS\SYSTEM32\WINMM.dll
0x00007ff891d10000 - 0x00007ff891d19000 	C:\WINDOWS\SYSTEM32\WSOCK32.dll
0x00007ff894eb0000 - 0x00007ff894f1b000 	C:\WINDOWS\system32\WS2_32.dll
0x00007ff891c80000 - 0x00007ff891ca3000 	C:\Program Files\Java\jdk1.8.0_60\jre\bin\verify.dll
0x00007ff88cff0000 - 0x00007ff88cffa000 	C:\WINDOWS\SYSTEM32\VERSION.dll
0x00007ff891b10000 - 0x00007ff891b3c000 	C:\WINDOWS\SYSTEM32\WINMMBASE.dll
0x00007ff8942e0000 - 0x00007ff894323000 	C:\WINDOWS\system32\cfgmgr32.dll
0x0000000070540000 - 0x000000007054f000 	C:\Program Files\Java\jdk1.8.0_60\jre\bin\verify.dll
0x0000000070510000 - 0x0000000070539000 	C:\Program Files\Java\jdk1.8.0_60\jre\bin\java.dll
0x00000000704f0000 - 0x0000000070506000 	C:\WINDOWS\system32\ADVAPI32.dll
0x00007ff895750000 - 0x00007ff896cac000 	C:\WINDOWS\system32\USER32.dll
0x00007ff8935e0000 - 0x00007ff893c25000 	C:\WINDOWS\system32\combase.dll
0x00007ff894980000 - 0x00007ff8949d2000 	C:\WINDOWS\system32\IMM32.DLL
0x00007ff893550000 - 0x00007ff89355f000 	C:\WINDOWS\system32\PSAPI.DLL
0x00007ff893ed0000 - 0x00007ff893f85000 	C:\WINDOWS\system32\WS2_32.dll
0x00007ff893560000 - 0x00007ff8935ab000 	C:\WINDOWS\SYSTEM32\VERSION.dll
0x00007ff8935c0000 - 0x00007ff8935d4000 	C:\WINDOWS\system32\cfgmgr32.dll

VM Arguments:
jvm_args: -Djava.awt.headless=true -Xmx1024M -Dfile.encoding=windows-1251 -Duser.country=US -Duser.language=en -Duser.variant 
java_command: com.android.dx.command.Main --dex --force-jumbo --num-threads=4 --multi-dex --output E:\Education\Summer_Camp\FoodCalculator\app\build\intermediates\transforms\dex\debug\folders\1000\10\gson-2.3.1_42da7d138e75b944bf1018fa3a310807b4742f7c C:\Users\roshk1n\.gradle\caches\modules-2\files-2.1\com.google.code.gson\gson\2.3.1\ecb6e1f8e4b0e84c4b886c2f14a1500caf309757\gson-2.3.1.jar
java_class_path (initial): E:\Android\sdk\build-tools\23.0.2\lib\dx.jar
Launcher Type: SUN_STANDARD

Environment Variables:
PATH=C:\Program Files (x86)\Common Files\Intel\Shared Files\cpp\bin\Intel64;C:\ProgramData\Oracle\Java\javapath;C:\Program Files (x86)\Intel\iCLS Client\;C:\Program Files\Intel\iCLS Client\;C:\Windows\system32;C:\Windows;C:\Windows\System32\Wbem;C:\Windows\System32\WindowsPowerShell\v1.0\;C:\Program Files (x86)\NVIDIA Corporation\PhysX\Common;C:\Program Files (x86)\Microsoft Emulator Manager\1.0\;C:\Program Files (x86)\Intel\Intel(R) Management Engine Components\DAL;C:\Program Files\Intel\Intel(R) Management Engine Components\DAL;C:\Program Files (x86)\Intel\Intel(R) Management Engine Components\IPT;C:\Program Files\Intel\Intel(R) Management Engine Components\IPT;C:\Program Files\Microsoft SQL Server\110\DTS\Binn\;C:\Program Files (x86)\Microsoft SQL Server\110\Tools\Binn\;C:\Program Files\Microsoft SQL Server\110\Tools\Binn\;C:\Program Files (x86)\Microsoft SQL Server\110\Tools\Binn\ManagementStudio\;C:\Program Files (x86)\Microsoft Visual Studio 10.0\Common7\IDE\PrivateAssemblies\;C:\Program Files (x86)\Microsoft SQL Server\110\DTS\Binn\;C:\Program Files (x86)\Common Files\lenovo\easyplussdk\bin;C:\Program Files\Microsoft OLE DB Provider for DB2\system;C:\WINDOWS\system32;C:\WINDOWS;C:\WINDOWS\System32\Wbem;C:\WINDOWS\System32\WindowsPowerShell\v1.0\;C:\Program Files (x86)\Skype\Phone\;C:\WINDOWS\system32\config\systemprofile\.dnx\bin;C:\Program Files\Microsoft DNX\Dnvm\;C:\Program Files\Microsoft SQL Server\120\Tools\Binn\;C:\Program Files\Git\cmd;C:\Program Files\Common Files\Autodesk Shared\;C:\Program Files (x86)\PuTTY\;C:\Program Files (x86)\Brackets\command;C:\Users\roshk1n\Downloads\openssl-0.9.8k_X64\bin;C:\Program Files (x86)\Java\jdk1.7.0_55\bin
USERNAME=roshk1n
OS=Windows_NT
PROCESSOR_IDENTIFIER=Intel64 Family 6 Model 58 Stepping 9, GenuineIntel



---------------  S Y S T E M  ---------------

OS: Windows 10.0 , 64 bit Build 10586 (10.0.10586.0)

CPU:total 4 (2 cores per cpu, 2 threads per core) family 6 model 58 stepping 9, cmov, cx8, fxsr, mmx, sse, sse2, sse3, ssse3, sse4.1, sse4.2, popcnt, avx, aes, clmul, erms, ht, tsc, tscinvbit, tscinv

Memory: 4k page, physical 8246884k(557368k free), swap 33412708k(3140k free)

vm_info: Java HotSpot(TM) 64-Bit Server VM (25.60-b23) for windows-amd64 JRE (1.8.0_60-b27), built on Aug  4 2015 11:06:27 by "java_re" with MS VC++ 10.0 (VS2010)

time: Mon Jul 25 22:14:56 2016
elapsed time: 0 seconds (0d 0h 0m 0s)

