#
# There is insufficient memory for the Java Runtime Environment to continue.
# Native memory allocation (malloc) failed to allocate 32744 bytes for ChunkPool::allocate
# Possible reasons:
#   The system is out of physical RAM or swap space
#   In 32 bit mode, the process size limit was hit
# Possible solutions:
#   Reduce memory load on the system
#   Increase physical memory or swap space
#   Check if swap backing store is full
#   Use 64 bit Java on a 64 bit OS
#   Decrease Java heap size (-Xmx/-Xms)
#   Decrease number of Java threads
#   Decrease Java thread stack sizes (-Xss)
#   Set larger code cache with -XX:ReservedCodeCacheSize=
# This output file may be truncated or incomplete.
#
#  Out of Memory Error (allocation.cpp:273), pid=8936, tid=12760
#
# JRE version: Java(TM) SE Runtime Environment (8.0_60-b27) (build 1.8.0_60-b27)
# Java VM: Java HotSpot(TM) 64-Bit Server VM (25.60-b23 mixed mode windows-amd64 compressed oops)
# Failed to write core dump. Minidumps are not enabled by default on client versions of Windows
#

---------------  T H R E A D  ---------------

Current thread (0x00000000168a1000):  JavaThread "C1 CompilerThread2" daemon [_thread_in_native, id=12760, stack(0x0000000016ca0000,0x0000000016da0000)]

Stack: [0x0000000016ca0000,0x0000000016da0000]
[error occurred during error reporting (printing stack bounds), id 0xc0000005]

Native frames: (J=compiled Java code, j=interpreted, Vv=VM code, C=native code)


Current CompileTask:
C1:    836  191   !   3       com.android.dx.cf.cst.ConstantPoolParser::parse0 (731 bytes)


---------------  P R O C E S S  ---------------

Java Threads: ( => current thread )
  0x0000000016a2d000 JavaThread "pool-2-thread-4" [_thread_new, id=11248, stack(0x0000000000000000,0x0000000000000000)]
  0x0000000016a2b800 JavaThread "pool-2-thread-3" [_thread_new, id=12824, stack(0x0000000000000000,0x0000000000000000)]
  0x0000000016a25000 JavaThread "pool-2-thread-2" [_thread_new, id=8396, stack(0x0000000000000000,0x0000000000000000)]
  0x0000000016a1c000 JavaThread "pool-3-thread-1" [_thread_new, id=7544, stack(0x0000000000000000,0x0000000000000000)]
  0x0000000016a1b800 JavaThread "pool-2-thread-1" [_thread_new, id=12496, stack(0x0000000000000000,0x0000000000000000)]
  0x00000000168a4000 JavaThread "Service Thread" daemon [_thread_blocked, id=5408, stack(0x0000000016da0000,0x0000000016ea0000)]
=>0x00000000168a1000 JavaThread "C1 CompilerThread2" daemon [_thread_in_native, id=12760, stack(0x0000000016ca0000,0x0000000016da0000)]
  0x00000000150b1800 JavaThread "C2 CompilerThread1" daemon [_thread_blocked, id=9644, stack(0x00000000167a0000,0x00000000168a0000)]
  0x000000001506f000 JavaThread "C2 CompilerThread0" daemon [_thread_blocked, id=9720, stack(0x00000000166a0000,0x00000000167a0000)]
  0x000000001506d800 JavaThread "Attach Listener" daemon [_thread_blocked, id=9228, stack(0x00000000165a0000,0x00000000166a0000)]
  0x000000001506c800 JavaThread "Signal Dispatcher" daemon [_thread_blocked, id=11964, stack(0x00000000164a0000,0x00000000165a0000)]
  0x0000000002992800 JavaThread "Finalizer" daemon [_thread_blocked, id=5564, stack(0x00000000162c0000,0x00000000163c0000)]
  0x000000000298f800 JavaThread "Reference Handler" daemon [_thread_blocked, id=11796, stack(0x00000000161c0000,0x00000000162c0000)]
  0x000000000275e800 JavaThread "main" [_thread_in_Java, id=10356, stack(0x00000000025e0000,0x00000000026e0000)]

Other Threads:
  0x0000000015036800 VMThread [stack: 0x00000000160c0000,0x00000000161c0000] [id=12572]
  0x00000000168bc800 WatcherThread [stack: 0x0000000016ea0000,0x0000000016fa0000] [id=8104]

VM state:not at safepoint (normal execution)

VM Mutex/Monitor currently owned by a thread: None

Heap:
 PSYoungGen      total 37888K, used 4611K [0x00000000eab00000, 0x00000000ed500000, 0x0000000100000000)
  eden space 32768K, 14% used [0x00000000eab00000,0x00000000eaf80ec8,0x00000000ecb00000)
  from space 5120K, 0% used [0x00000000ed000000,0x00000000ed000000,0x00000000ed500000)
  to   space 5120K, 0% used [0x00000000ecb00000,0x00000000ecb00000,0x00000000ed000000)
 ParOldGen       total 86016K, used 0K [0x00000000c0000000, 0x00000000c5400000, 0x00000000eab00000)
  object space 86016K, 0% used [0x00000000c0000000,0x00000000c0000000,0x00000000c5400000)
 Metaspace       used 3915K, capacity 5104K, committed 5376K, reserved 1056768K
  class space    used 442K, capacity 488K, committed 512K, reserved 1048576K

Card table byte_map: [0x0000000011d60000,0x0000000011f70000] byte_map_base: 0x0000000011760000

Marking Bits: (ParMarkBitMap*) 0x0000000070d5a5b0
 Begin Bits: [0x00000000124d0000, 0x00000000134d0000)
 End Bits:   [0x00000000134d0000, 0x00000000144d0000)

Polling page: 0x00000000026e0000

CodeCache: size=245760Kb used=1455Kb max_used=1466Kb free=244304Kb
 bounds [0x00000000029a0000, 0x0000000002c10000, 0x00000000119a0000]
 total_blobs=446 nmethods=188 adapters=171
 compilation: enabled

Compilation events (10 events):
Event: 0.785 Thread 0x00000000168a1000 nmethod 184 0x0000000002b078d0 code [0x0000000002b07c80, 0x0000000002b09fb8]
Event: 0.785 Thread 0x00000000168a1000  188       3       com.android.dx.util.ByteArray$MyInputStream::read (40 bytes)
Event: 0.785 Thread 0x00000000150b1800  190       4       com.android.dx.util.ByteArray::checkOffsets (66 bytes)
Event: 0.786 Thread 0x00000000168a1000 nmethod 188 0x0000000002b0b150 code [0x0000000002b0b2c0, 0x0000000002b0b570]
Event: 0.786 Thread 0x00000000168a1000  189       3       com.android.dx.util.ByteArray::access$100 (6 bytes)
Event: 0.786 Thread 0x00000000168a1000 nmethod 189 0x0000000002b0b750 code [0x0000000002b0b8c0, 0x0000000002b0ba90]
Event: 0.786 Thread 0x00000000168a1000  187       1       com.android.dx.rop.cst.CstString::getString (5 bytes)
Event: 0.786 Thread 0x00000000168a1000 nmethod 187 0x0000000002b0bc10 code [0x0000000002b0bd60, 0x0000000002b0be70]
Event: 0.786 Thread 0x00000000168a1000  191   !   3       com.android.dx.cf.cst.ConstantPoolParser::parse0 (731 bytes)
Event: 0.786 Thread 0x00000000150b1800 nmethod 190 0x0000000002b0eb90 code [0x0000000002b0ecc0, 0x0000000002b0ed78]

GC Heap History (0 events):
No events

Deoptimization events (0 events):
No events

Internal exceptions (2 events):
Event: 0.097 Thread 0x000000000275e800 Exception <a 'java/lang/NoSuchMethodError': Method sun.misc.Unsafe.defineClass(Ljava/lang/String;[BII)Ljava/lang/Class; name or signature does not match> (0x00000000eab13078) thrown at [C:\re\workspace\8-2-build-windows-amd64-cygwin\jdk8u60\4407\hotspot\srñ“óí¸?
Event: 0.097 Thread 0x000000000275e800 Exception <a 'java/lang/NoSuchMethodError': Method sun.misc.Unsafe.prefetchRead(Ljava/lang/Object;J)V name or signature does not match> (0x00000000eab13360) thrown at [C:\re\workspace\8-2-build-windows-amd64-cygwin\jdk8u60\4407\hotspot\src\share\vm\prims\j

Events (10 events):
Event: 0.781 loading class com/android/dx/cf/attrib/AttConstantValue
Event: 0.781 loading class com/android/dx/cf/attrib/AttConstantValue done
Event: 0.782 loading class com/android/dx/cf/code/ByteCatchList$Item
Event: 0.782 loading class com/android/dx/cf/code/ByteCatchList$Item done
Event: 0.782 loading class com/android/dx/cf/attrib/AttDeprecated
Event: 0.782 loading class com/android/dx/cf/attrib/AttDeprecated done
Event: 0.783 loading class com/android/dx/cf/attrib/AttExceptions
Event: 0.783 loading class com/android/dx/cf/attrib/AttExceptions done
Event: 0.785 Thread 0x0000000016a2b800 Thread added: 0x0000000016a2b800
Event: 0.786 Thread 0x0000000016a2d000 Thread added: 0x0000000016a2d000


Dynamic libraries:
0x00007ff6e4ba0000 - 0x00007ff6e4bd7000 	C:\Program Files\Java\jdk1.8.0_60\bin\java.exe
0x00007ff896f30000 - 0x00007ff8970f1000 	C:\WINDOWS\SYSTEM32\ntdll.dll
0x00007ff896d60000 - 0x00007ff896e0d000 	C:\WINDOWS\system32\KERNEL32.DLL
0x00007ff8940f0000 - 0x00007ff8942d8000 	C:\WINDOWS\system32\KERNELBASE.dll
0x00007ff896cb0000 - 0x00007ff896d57000 	C:\WINDOWS\system32\ADVAPI32.dll
0x00007ff894e10000 - 0x00007ff894ead000 	C:\WINDOWS\system32\msvcrt.dll
0x00007ff894920000 - 0x00007ff89497b000 	C:\WINDOWS\system32\sechost.dll
0x00007ff896e10000 - 0x00007ff896f2c000 	C:\WINDOWS\system32\RPCRT4.dll
0x00007ff8947c0000 - 0x00007ff894916000 	C:\WINDOWS\system32\USER32.dll
0x00007ff894ac0000 - 0x00007ff894c46000 	C:\WINDOWS\system32\GDI32.dll
0x00007ff88ca10000 - 0x00007ff88cc84000 	C:\WINDOWS\WinSxS\amd64_microsoft.windows.common-controls_6595b64144ccf1df_6.0.10586.494_none_a2d8b04ea53e3145\COMCTL32.dll
0x00007ff8954d0000 - 0x00007ff89574d000 	C:\WINDOWS\system32\combase.dll
0x00007ff893c30000 - 0x00007ff893c9a000 	C:\WINDOWS\system32\bcryptPrimitives.dll
0x00007ff895480000 - 0x00007ff8954bb000 	C:\WINDOWS\system32\IMM32.DLL
0x0000000070de0000 - 0x0000000070eb2000 	C:\Program Files\Java\jdk1.8.0_60\jre\bin\msvcr100.dll
0x0000000070550000 - 0x0000000070dd9000 	C:\Program Files\Java\jdk1.8.0_60\jre\bin\server\jvm.dll
0x00007ff894a00000 - 0x00007ff894a08000 	C:\WINDOWS\system32\PSAPI.DLL
0x00007ff891d10000 - 0x00007ff891d19000 	C:\WINDOWS\SYSTEM32\WSOCK32.dll
0x00007ff894eb0000 - 0x00007ff894f1b000 	C:\WINDOWS\system32\WS2_32.dll
0x00007ff891c80000 - 0x00007ff891ca3000 	C:\WINDOWS\SYSTEM32\WINMM.dll
0x00007ff88cff0000 - 0x00007ff88cffa000 	C:\WINDOWS\SYSTEM32\VERSION.dll
0x00007ff891b10000 - 0x00007ff891b3c000 	C:\WINDOWS\SYSTEM32\WINMMBASE.dll
0x00007ff8942e0000 - 0x00007ff894323000 	C:\WINDOWS\system32\cfgmgr32.dll
0x0000000070540000 - 0x000000007054f000 	C:\Program Files\Java\jdk1.8.0_60\jre\bin\verify.dll
0x0000000070510000 - 0x0000000070539000 	C:\Program Files\Java\jdk1.8.0_60\jre\bin\java.dll
0x00000000704f0000 - 0x0000000070506000 	C:\Program Files\Java\jdk1.8.0_60\jre\bin\zip.dll
0x00007ff895750000 - 0x00007ff896cac000 	C:\WINDOWS\system32\SHELL32.dll
0x00007ff8935e0000 - 0x00007ff893c25000 	C:\WINDOWS\system32\windows.storage.dll
0x00007ff894980000 - 0x00007ff8949d2000 	C:\WINDOWS\system32\shlwapi.dll
0x00007ff893550000 - 0x00007ff89355f000 	C:\WINDOWS\system32\kernel.appcore.dll
0x00007ff893ed0000 - 0x00007ff893f85000 	C:\WINDOWS\system32\shcore.dll
0x00007ff893560000 - 0x00007ff8935ab000 	C:\WINDOWS\system32\powrprof.dll
0x00007ff8935c0000 - 0x00007ff8935d4000 	C:\WINDOWS\system32\profapi.dll

VM Arguments:
jvm_args: -Djava.awt.headless=true -Xmx1024M -Dfile.encoding=windows-1251 -Duser.country=US -Duser.language=en -Duser.variant 
java_command: com.android.dx.command.Main --dex --force-jumbo --num-threads=4 --multi-dex --output E:\Education\Summer_Camp\FoodCalculator\app\build\intermediates\transforms\dex\debug\folders\1000\10\commons-cli-1.2_6846c71dff802f19ca7891221958eca332608213 C:\Users\roshk1n\.gradle\caches\modules-2\files-2.1\commons-cli\commons-cli\1.2\2bf96b7aa8b611c177d329452af1dc933e14501c\commons-cli-1.2.jar
java_class_path (initial): E:\Android\sdk\build-tools\23.0.2\lib\dx.jar
Launcher Type: SUN_STANDARD

Environment Variables:
PATH=C:\Program Files (x86)\Common Files\Intel\Shared Files\cpp\bin\Intel64;C:\ProgramData\Oracle\Java\javapath;C:\Program Files (x86)\Intel\iCLS Client\;C:\Program Files\Intel\iCLS Client\;C:\Windows\system32;C:\Windows;C:\Windows\System32\Wbem;C:\Windows\System32\WindowsPowerShell\v1.0\;C:\Program Files (x86)\NVIDIA Corporation\PhysX\Common;C:\Program Files (x86)\Microsoft Emulator Manager\1.0\;C:\Program Files (x86)\Intel\Intel(R) Management Engine Components\DAL;C:\Program Files\Intel\Intel(R) Management Engine Components\DAL;C:\Program Files (x86)\Intel\Intel(R) Management Engine Components\IPT;C:\Program Files\Intel\Intel(R) Management Engine Components\IPT;C:\Program Files\Microsoft SQL Server\110\DTS\Binn\;C:\Program Files (x86)\Microsoft SQL Server\110\Tools\Binn\;C:\Program Files\Microsoft SQL Server\110\Tools\Binn\;C:\Program Files (x86)\Microsoft SQL Server\110\Tools\Binn\ManagementStudio\;C:\Program Files (x86)\Microsoft Visual Studio 10.0\Common7\IDE\PrivateAssemblies\;C:\Program Files (x86)\Microsoft SQL Server\110\DTS\Binn\;C:\Program Files (x86)\Common Files\lenovo\easyplussdk\bin;C:\Program Files\Microsoft OLE DB Provider for DB2\system;C:\WINDOWS\system32;C:\WINDOWS;C:\WINDOWS\System32\Wbem;C:\WINDOWS\System32\WindowsPowerShell\v1.0\;C:\Program Files (x86)\Skype\Phone\;C:\WINDOWS\system32\config\systemprofile\.dnx\bin;C:\Program Files\Microsoft DNX\Dnvm\;C:\Program Files\Microsoft SQL Server\120\Tools\Binn\;C:\Program Files\Git\cmd;C:\Program Files\Common Files\Autodesk Shared\;C:\Program Files (x86)\PuTTY\;C:\Program Files (x86)\Brackets\command;C:\Users\roshk1n\Downloads\openssl-0.9.8k_X64\bin;C:\Program Files (x86)\Java\jdk1.7.0_55\bin
USERNAME=roshk1n
OS=Windows_NT
PROCESSOR_IDENTIFIER=Intel64 Family 6 Model 58 Stepping 9, GenuineIntel



---------------  S Y S T E M  ---------------

OS: Windows 10.0 , 64 bit Build 10586 (10.0.10586.0)

CPU:total 4 (2 cores per cpu, 2 threads per core) family 6 model 58 stepping 9, cmov, cx8, fxsr, mmx, sse, sse2, sse3, ssse3, sse4.1, sse4.2, popcnt, avx, aes, clmul, erms, ht, tsc, tscinvbit, tscinv

Memory: 4k page, physical 8246884k(449184k free), swap 33412708k(4232k free)

vm_info: Java HotSpot(TM) 64-Bit Server VM (25.60-b23) for windows-amd64 JRE (1.8.0_60-b27), built on Aug  4 2015 11:06:27 by "java_re" with MS VC++ 10.0 (VS2010)

time: Mon Jul 25 22:14:43 2016
elapsed time: 0 seconds (0d 0h 0m 0s)

