#
# There is insufficient memory for the Java Runtime Environment to continue.
# Native memory allocation (malloc) failed to allocate 32744 bytes for ChunkPool::allocate
# Possible reasons:
#   The system is out of physical RAM or swap space
#   In 32 bit mode, the process size limit was hit
# Possible solutions:
#   Reduce memory load on the system
#   Increase physical memory or swap space
#   Check if swap backing store is full
#   Use 64 bit Java on a 64 bit OS
#   Decrease Java heap size (-Xmx/-Xms)
#   Decrease number of Java threads
#   Decrease Java thread stack sizes (-Xss)
#   Set larger code cache with -XX:ReservedCodeCacheSize=
# This output file may be truncated or incomplete.
#
#  Out of Memory Error (allocation.cpp:273), pid=9592, tid=12784
#
# JRE version: Java(TM) SE Runtime Environment (8.0_60-b27) (build 1.8.0_60-b27)
# Java VM: Java HotSpot(TM) 64-Bit Server VM (25.60-b23 mixed mode windows-amd64 compressed oops)
# Failed to write core dump. Minidumps are not enabled by default on client versions of Windows
#

---------------  T H R E A D  ---------------

Current thread (0x00000000158be800):  JavaThread "C1 CompilerThread2" daemon [_thread_in_native, id=12784, stack(0x00000000174b0000,0x00000000175b0000)]

Stack: [0x00000000174b0000,0x00000000175b0000]
[error occurred during error reporting (printing stack bounds), id 0xc0000005]

Native frames: (J=compiled Java code, j=interpreted, Vv=VM code, C=native code)


Current CompileTask:
C1:    899  185   !   3       com.android.dx.cf.cst.ConstantPoolParser::parse0 (731 bytes)


---------------  P R O C E S S  ---------------

Java Threads: ( => current thread )
  0x00000000171ff000 JavaThread "pool-2-thread-4" [_thread_new, id=5308, stack(0x0000000000000000,0x0000000000000000)]
  0x00000000171fe800 JavaThread "pool-2-thread-3" [_thread_new, id=8080, stack(0x0000000000000000,0x0000000000000000)]
  0x000000001720c000 JavaThread "pool-2-thread-2" [_thread_new, id=11584, stack(0x0000000000000000,0x0000000000000000)]
  0x0000000017207000 JavaThread "pool-3-thread-1" [_thread_new, id=11276, stack(0x0000000000000000,0x0000000000000000)]
  0x00000000171fd800 JavaThread "pool-2-thread-1" [_thread_new, id=6448, stack(0x0000000000000000,0x0000000000000000)]
  0x00000000170b7000 JavaThread "Service Thread" daemon [_thread_blocked, id=12892, stack(0x00000000175b0000,0x00000000176b0000)]
=>0x00000000158be800 JavaThread "C1 CompilerThread2" daemon [_thread_in_native, id=12784, stack(0x00000000174b0000,0x00000000175b0000)]
  0x0000000015863800 JavaThread "C2 CompilerThread1" daemon [_thread_blocked, id=4428, stack(0x0000000016fb0000,0x00000000170b0000)]
  0x000000001585f000 JavaThread "C2 CompilerThread0" daemon [_thread_blocked, id=9104, stack(0x0000000016eb0000,0x0000000016fb0000)]
  0x000000001585e000 JavaThread "Attach Listener" daemon [_thread_blocked, id=11632, stack(0x0000000016db0000,0x0000000016eb0000)]
  0x000000001585c800 JavaThread "Signal Dispatcher" daemon [_thread_blocked, id=3564, stack(0x0000000016cb0000,0x0000000016db0000)]
  0x0000000003182800 JavaThread "Finalizer" daemon [_thread_blocked, id=7556, stack(0x0000000016ad0000,0x0000000016bd0000)]
  0x0000000015829000 JavaThread "Reference Handler" daemon [_thread_blocked, id=12136, stack(0x00000000169d0000,0x0000000016ad0000)]
  0x000000000308e800 JavaThread "main" [_thread_blocked, id=4144, stack(0x0000000002f40000,0x0000000003040000)]

Other Threads:
  0x0000000015827800 VMThread [stack: 0x00000000168d0000,0x00000000169d0000] [id=4252]
  0x00000000170cf800 WatcherThread [stack: 0x00000000176b0000,0x00000000177b0000] [id=7384]

VM state:not at safepoint (normal execution)

VM Mutex/Monitor currently owned by a thread: None

Heap:
 PSYoungGen      total 37888K, used 4619K [0x00000000eab00000, 0x00000000ed500000, 0x0000000100000000)
  eden space 32768K, 14% used [0x00000000eab00000,0x00000000eaf82ef0,0x00000000ecb00000)
  from space 5120K, 0% used [0x00000000ed000000,0x00000000ed000000,0x00000000ed500000)
  to   space 5120K, 0% used [0x00000000ecb00000,0x00000000ecb00000,0x00000000ed000000)
 ParOldGen       total 86016K, used 0K [0x00000000c0000000, 0x00000000c5400000, 0x00000000eab00000)
  object space 86016K, 0% used [0x00000000c0000000,0x00000000c0000000,0x00000000c5400000)
 Metaspace       used 3948K, capacity 5104K, committed 5376K, reserved 1056768K
  class space    used 448K, capacity 488K, committed 512K, reserved 1048576K

Card table byte_map: [0x0000000012550000,0x0000000012760000] byte_map_base: 0x0000000011f50000

Marking Bits: (ParMarkBitMap*) 0x0000000070d5a5b0
 Begin Bits: [0x0000000012cc0000, 0x0000000013cc0000)
 End Bits:   [0x0000000013cc0000, 0x0000000014cc0000)

Polling page: 0x0000000001450000

CodeCache: size=245760Kb used=1428Kb max_used=1440Kb free=244331Kb
 bounds [0x0000000003190000, 0x0000000003400000, 0x0000000012190000]
 total_blobs=442 nmethods=186 adapters=169
 compilation: enabled

Compilation events (10 events):
Event: 0.878 Thread 0x00000000158be800 nmethod 179 0x00000000032f0310 code [0x00000000032f0460, 0x00000000032f0570]
Event: 0.878 Thread 0x00000000158be800  180       1       java.util.jar.Manifest::getEntries (5 bytes)
Event: 0.878 Thread 0x00000000158be800 nmethod 180 0x00000000032f4d10 code [0x00000000032f4e60, 0x00000000032f4f70]
Event: 0.878 Thread 0x00000000158be800  181       1       java.util.jar.Manifest::getMainAttributes (5 bytes)
Event: 0.879 Thread 0x00000000158be800 nmethod 181 0x00000000032f4a50 code [0x00000000032f4ba0, 0x00000000032f4cb0]
Event: 0.879 Thread 0x00000000158be800  182       1       java.util.jar.JarFile::access$300 (5 bytes)
Event: 0.879 Thread 0x00000000158be800 nmethod 182 0x00000000032f4410 code [0x00000000032f4560, 0x00000000032f4650]
Event: 0.879 Thread 0x00000000158be800  184       1       com.android.dx.util.ByteArray::size (5 bytes)
Event: 0.880 Thread 0x00000000158be800 nmethod 184 0x00000000032f4150 code [0x00000000032f42a0, 0x00000000032f43b0]
Event: 0.880 Thread 0x00000000158be800  185   !   3       com.android.dx.cf.cst.ConstantPoolParser::parse0 (731 bytes)

GC Heap History (0 events):
No events

Deoptimization events (0 events):
No events

Internal exceptions (2 events):
Event: 0.088 Thread 0x000000000308e800 Exception <a 'java/lang/NoSuchMethodError': Method sun.misc.Unsafe.defineClass(Ljava/lang/String;[BII)Ljava/lang/Class; name or signature does not match> (0x00000000eab13078) thrown at [C:\re\workspace\8-2-build-windows-amd64-cygwin\jdk8u60\4407\hotspot\sr@°Û‡¶?
Event: 0.088 Thread 0x000000000308e800 Exception <a 'java/lang/NoSuchMethodError': Method sun.misc.Unsafe.prefetchRead(Ljava/lang/Object;J)V name or signature does not match> (0x00000000eab13360) thrown at [C:\re\workspace\8-2-build-windows-amd64-cygwin\jdk8u60\4407\hotspot\src\share\vm\prims\j

Events (10 events):
Event: 0.878 loading class com/android/dx/cf/attrib/AttInnerClasses
Event: 0.878 loading class com/android/dx/cf/attrib/AttInnerClasses done
Event: 0.879 Thread 0x000000001720c000 Thread added: 0x000000001720c000
Event: 0.880 Thread 0x00000000171fe800 Thread added: 0x00000000171fe800
Event: 0.881 loading class com/android/dx/cf/iface/StdField
Event: 0.881 loading class com/android/dx/cf/iface/StdField done
Event: 0.882 loading class com/android/dx/util/Hex
Event: 0.882 loading class com/android/dx/util/Hex done
Event: 0.883 loading class com/android/dx/cf/code/ByteCatchList$Item
Event: 0.883 loading class com/android/dx/cf/code/ByteCatchList$Item done


Dynamic libraries:
0x00007ff6e4ba0000 - 0x00007ff6e4bd7000 	C:\Program Files\Java\jdk1.8.0_60\bin\java.exe
0x00007ff896f30000 - 0x00007ff8970f1000 	C:\WINDOWS\SYSTEM32\ntdll.dll
0x00007ff896d60000 - 0x00007ff896e0d000 	C:\WINDOWS\system32\KERNEL32.DLL
0x00007ff8940f0000 - 0x00007ff8942d8000 	C:\WINDOWS\system32\KERNELBASE.dll
0x00007ff896cb0000 - 0x00007ff896d57000 	C:\WINDOWS\system32\ADVAPI32.dll
0x00007ff894e10000 - 0x00007ff894ead000 	C:\WINDOWS\system32\msvcrt.dll
0x00007ff894920000 - 0x00007ff89497b000 	C:\WINDOWS\system32\sechost.dll
0x00007ff896e10000 - 0x00007ff896f2c000 	C:\WINDOWS\system32\RPCRT4.dll
0x00007ff8947c0000 - 0x00007ff894916000 	C:\WINDOWS\system32\USER32.dll
0x00007ff894ac0000 - 0x00007ff894c46000 	C:\WINDOWS\system32\GDI32.dll
0x00007ff88ca10000 - 0x00007ff88cc84000 	C:\WINDOWS\WinSxS\amd64_microsoft.windows.common-controls_6595b64144ccf1df_6.0.10586.494_none_a2d8b04ea53e3145\COMCTL32.dll
0x00007ff8954d0000 - 0x00007ff89574d000 	C:\WINDOWS\system32\combase.dll
0x00007ff893c30000 - 0x00007ff893c9a000 	C:\WINDOWS\system32\bcryptPrimitives.dll
0x00007ff895480000 - 0x00007ff8954bb000 	C:\WINDOWS\system32\IMM32.DLL
0x0000000070de0000 - 0x0000000070eb2000 	C:\Program Files\Java\jdk1.8.0_60\jre\bin\msvcr100.dll
0x0000000070550000 - 0x0000000070dd9000 	C:\Program Files\Java\jdk1.8.0_60\jre\bin\server\jvm.dll
0x00007ff894a00000 - 0x00007ff894a08000 	C:\WINDOWS\system32\PSAPI.DLL
0x00007ff891d10000 - 0x00007ff891d19000 	C:\WINDOWS\SYSTEM32\WSOCK32.dll
0x00007ff894eb0000 - 0x00007ff894f1b000 	C:\WINDOWS\system32\WS2_32.dll
0x00007ff891c80000 - 0x00007ff891ca3000 	C:\WINDOWS\SYSTEM32\WINMM.dll
0x00007ff88cff0000 - 0x00007ff88cffa000 	C:\WINDOWS\SYSTEM32\VERSION.dll
0x00007ff891b10000 - 0x00007ff891b3c000 	C:\WINDOWS\SYSTEM32\WINMMBASE.dll
0x00007ff8942e0000 - 0x00007ff894323000 	C:\WINDOWS\system32\cfgmgr32.dll
0x0000000070540000 - 0x000000007054f000 	C:\Program Files\Java\jdk1.8.0_60\jre\bin\verify.dll
0x0000000070510000 - 0x0000000070539000 	C:\Program Files\Java\jdk1.8.0_60\jre\bin\java.dll
0x00000000704f0000 - 0x0000000070506000 	C:\Program Files\Java\jdk1.8.0_60\jre\bin\zip.dll
0x00007ff895750000 - 0x00007ff896cac000 	C:\WINDOWS\system32\SHELL32.dll
0x00007ff8935e0000 - 0x00007ff893c25000 	C:\WINDOWS\system32\windows.storage.dll
0x00007ff894980000 - 0x00007ff8949d2000 	C:\WINDOWS\system32\shlwapi.dll
0x00007ff893550000 - 0x00007ff89355f000 	C:\WINDOWS\system32\kernel.appcore.dll
0x00007ff893ed0000 - 0x00007ff893f85000 	C:\WINDOWS\system32\shcore.dll
0x00007ff893560000 - 0x00007ff8935ab000 	C:\WINDOWS\system32\powrprof.dll
0x00007ff8935c0000 - 0x00007ff8935d4000 	C:\WINDOWS\system32\profapi.dll

VM Arguments:
jvm_args: -Djava.awt.headless=true -Xmx1024M -Dfile.encoding=windows-1251 -Duser.country=US -Duser.language=en -Duser.variant 
java_command: com.android.dx.command.Main --dex --force-jumbo --num-threads=4 --multi-dex --output E:\Education\Summer_Camp\FoodCalculator\app\build\intermediates\transforms\dex\debug\folders\1000\10\com.google.firebase-firebase-storage-common-9.0.2_515bee9b8a32a6d2e1daf0bd8ab4c7cf0701cc1b E:\Education\Summer_Camp\FoodCalculator\app\build\intermediates\exploded-aar\com.google.firebase\firebase-storage-common\9.0.2\jars\classes.jar
java_class_path (initial): E:\Android\sdk\build-tools\23.0.2\lib\dx.jar
Launcher Type: SUN_STANDARD

Environment Variables:
PATH=C:\Program Files (x86)\Common Files\Intel\Shared Files\cpp\bin\Intel64;C:\ProgramData\Oracle\Java\javapath;C:\Program Files (x86)\Intel\iCLS Client\;C:\Program Files\Intel\iCLS Client\;C:\Windows\system32;C:\Windows;C:\Windows\System32\Wbem;C:\Windows\System32\WindowsPowerShell\v1.0\;C:\Program Files (x86)\NVIDIA Corporation\PhysX\Common;C:\Program Files (x86)\Microsoft Emulator Manager\1.0\;C:\Program Files (x86)\Intel\Intel(R) Management Engine Components\DAL;C:\Program Files\Intel\Intel(R) Management Engine Components\DAL;C:\Program Files (x86)\Intel\Intel(R) Management Engine Components\IPT;C:\Program Files\Intel\Intel(R) Management Engine Components\IPT;C:\Program Files\Microsoft SQL Server\110\DTS\Binn\;C:\Program Files (x86)\Microsoft SQL Server\110\Tools\Binn\;C:\Program Files\Microsoft SQL Server\110\Tools\Binn\;C:\Program Files (x86)\Microsoft SQL Server\110\Tools\Binn\ManagementStudio\;C:\Program Files (x86)\Microsoft Visual Studio 10.0\Common7\IDE\PrivateAssemblies\;C:\Program Files (x86)\Microsoft SQL Server\110\DTS\Binn\;C:\Program Files (x86)\Common Files\lenovo\easyplussdk\bin;C:\Program Files\Microsoft OLE DB Provider for DB2\system;C:\WINDOWS\system32;C:\WINDOWS;C:\WINDOWS\System32\Wbem;C:\WINDOWS\System32\WindowsPowerShell\v1.0\;C:\Program Files (x86)\Skype\Phone\;C:\WINDOWS\system32\config\systemprofile\.dnx\bin;C:\Program Files\Microsoft DNX\Dnvm\;C:\Program Files\Microsoft SQL Server\120\Tools\Binn\;C:\Program Files\Git\cmd;C:\Program Files\Common Files\Autodesk Shared\;C:\Program Files (x86)\PuTTY\;C:\Program Files (x86)\Brackets\command;C:\Users\roshk1n\Downloads\openssl-0.9.8k_X64\bin;C:\Program Files (x86)\Java\jdk1.7.0_55\bin
USERNAME=roshk1n
OS=Windows_NT
PROCESSOR_IDENTIFIER=Intel64 Family 6 Model 58 Stepping 9, GenuineIntel



---------------  S Y S T E M  ---------------

OS: Windows 10.0 , 64 bit Build 10586 (10.0.10586.0)

CPU:total 4 (2 cores per cpu, 2 threads per core) family 6 model 58 stepping 9, cmov, cx8, fxsr, mmx, sse, sse2, sse3, ssse3, sse4.1, sse4.2, popcnt, avx, aes, clmul, erms, ht, tsc, tscinvbit, tscinv

Memory: 4k page, physical 8246884k(445684k free), swap 33412708k(2412k free)

vm_info: Java HotSpot(TM) 64-Bit Server VM (25.60-b23) for windows-amd64 JRE (1.8.0_60-b27), built on Aug  4 2015 11:06:27 by "java_re" with MS VC++ 10.0 (VS2010)

time: Mon Jul 25 22:14:43 2016
elapsed time: 0 seconds (0d 0h 0m 0s)

