#
# There is insufficient memory for the Java Runtime Environment to continue.
# Native memory allocation (malloc) failed to allocate 1048576 bytes for AllocateHeap
# Possible reasons:
#   The system is out of physical RAM or swap space
#   In 32 bit mode, the process size limit was hit
# Possible solutions:
#   Reduce memory load on the system
#   Increase physical memory or swap space
#   Check if swap backing store is full
#   Use 64 bit Java on a 64 bit OS
#   Decrease Java heap size (-Xmx/-Xms)
#   Decrease number of Java threads
#   Decrease Java thread stack sizes (-Xss)
#   Set larger code cache with -XX:ReservedCodeCacheSize=
# This output file may be truncated or incomplete.
#
#  Out of Memory Error (memory/allocation.inline.hpp:61), pid=10192, tid=13096
#
# JRE version:  (8.0_60-b27) (build )
# Java VM: Java HotSpot(TM) 64-Bit Server VM (25.60-b23 mixed mode windows-amd64 compressed oops)
# Failed to write core dump. Minidumps are not enabled by default on client versions of Windows
#

---------------  T H R E A D  ---------------

Current thread (0x000000000230e800):  JavaThread "Unknown thread" [_thread_in_vm, id=13096, stack(0x0000000002310000,0x0000000002410000)]

Stack: [0x0000000002310000,0x0000000002410000]
[error occurred during error reporting (printing stack bounds), id 0xc0000005]

Native frames: (J=compiled Java code, j=interpreted, Vv=VM code, C=native code)


---------------  P R O C E S S  ---------------

Java Threads: ( => current thread )

Other Threads:

=>0x000000000230e800 (exited) JavaThread "Unknown thread" [_thread_in_vm, id=13096, stack(0x0000000002310000,0x0000000002410000)]

VM state:not at safepoint (normal execution)

VM Mutex/Monitor currently owned by a thread: None

Heap:
 PSYoungGen      total 37888K, used 655K [0x00000000eab00000, 0x00000000ed500000, 0x0000000100000000)
  eden space 32768K, 2% used [0x00000000eab00000,0x00000000eaba3d80,0x00000000ecb00000)
  from space 5120K, 0% used [0x00000000ed000000,0x00000000ed000000,0x00000000ed500000)
  to   space 5120K, 0% used [0x00000000ecb00000,0x00000000ecb00000,0x00000000ed000000)
 ParOldGen       total 86016K, used 0K [0x00000000c0000000, 0x00000000c5400000, 0x00000000eab00000)
  object space 86016K, 0% used [0x00000000c0000000,0x00000000c0000000,0x00000000c5400000)
 Metaspace       used 767K, capacity 4480K, committed 4480K, reserved 1056768K
  class space    used 75K, capacity 384K, committed 384K, reserved 1048576K

Card table byte_map: [0x00000000118d0000,0x0000000011ae0000] byte_map_base: 0x00000000112d0000

Marking Bits: (ParMarkBitMap*) 0x0000000070d5a5b0
 Begin Bits: [0x0000000012040000, 0x0000000013040000)
 End Bits:   [0x0000000013040000, 0x0000000014040000)

Polling page: 0x00000000007b0000

CodeCache: size=245760Kb used=328Kb max_used=328Kb free=245431Kb
 bounds [0x0000000002510000, 0x0000000002780000, 0x0000000011510000]
 total_blobs=57 nmethods=0 adapters=37
 compilation: enabled

Compilation events (0 events):
No events

GC Heap History (0 events):
No events

Deoptimization events (0 events):
No events

Internal exceptions (0 events):
No events

Events (10 events):
Event: 0.040 loading class java/lang/Short
Event: 0.040 loading class java/lang/Short done
Event: 0.040 loading class java/lang/Integer
Event: 0.040 loading class java/lang/Integer done
Event: 0.040 loading class java/lang/Long
Event: 0.040 loading class java/lang/Long done
Event: 0.042 loading class java/lang/NullPointerException
Event: 0.042 loading class java/lang/NullPointerException done
Event: 0.042 loading class java/lang/ArithmeticException
Event: 0.042 loading class java/lang/ArithmeticException done


Dynamic libraries:
0x00007ff6e4ba0000 - 0x00007ff6e4bd7000 	C:\Program Files\Java\jdk1.8.0_60\bin\java.exe
0x00007ff896f30000 - 0x00007ff8970f1000 	C:\WINDOWS\SYSTEM32\ntdll.dll
0x00007ff896d60000 - 0x00007ff896e0d000 	C:\WINDOWS\system32\KERNEL32.DLL
0x00007ff8940f0000 - 0x00007ff8942d8000 	C:\WINDOWS\system32\KERNELBASE.dll
0x00007ff896cb0000 - 0x00007ff896d57000 	C:\WINDOWS\system32\ADVAPI32.dll
0x00007ff894e10000 - 0x00007ff894ead000 	C:\WINDOWS\system32\msvcrt.dll
0x00007ff894920000 - 0x00007ff89497b000 	C:\WINDOWS\system32\sechost.dll
0x00007ff896e10000 - 0x00007ff896f2c000 	C:\WINDOWS\system32\RPCRT4.dll
0x00007ff8947c0000 - 0x00007ff894916000 	C:\WINDOWS\system32\USER32.dll
0x00007ff894ac0000 - 0x00007ff894c46000 	C:\WINDOWS\system32\GDI32.dll
0x00007ff88ca10000 - 0x00007ff88cc84000 	C:\WINDOWS\WinSxS\amd64_microsoft.windows.common-controls_6595b64144ccf1df_6.0.10586.494_none_a2d8b04ea53e3145\COMCTL32.dll
0x00007ff8954d0000 - 0x00007ff89574d000 	C:\WINDOWS\system32\combase.dll
0x00007ff893c30000 - 0x00007ff893c9a000 	C:\WINDOWS\system32\bcryptPrimitives.dll
0x00007ff895480000 - 0x00007ff8954bb000 	C:\WINDOWS\system32\IMM32.DLL
0x0000000070de0000 - 0x0000000070eb2000 	C:\Program Files\Java\jdk1.8.0_60\jre\bin\msvcr100.dll
0x0000000070550000 - 0x0000000070dd9000 	C:\Program Files\Java\jdk1.8.0_60\jre\bin\server\jvm.dll
0x00007ff894a00000 - 0x00007ff894a08000 	C:\WINDOWS\system32\PSAPI.DLL
0x00007ff891d10000 - 0x00007ff891d19000 	C:\WINDOWS\SYSTEM32\WSOCK32.dll
0x00007ff894eb0000 - 0x00007ff894f1b000 	C:\WINDOWS\system32\WS2_32.dll
0x00007ff891c80000 - 0x00007ff891ca3000 	C:\WINDOWS\SYSTEM32\WINMM.dll
0x00007ff88cff0000 - 0x00007ff88cffa000 	C:\WINDOWS\SYSTEM32\VERSION.dll
0x00007ff891b10000 - 0x00007ff891b3c000 	C:\WINDOWS\SYSTEM32\WINMMBASE.dll
0x00007ff8942e0000 - 0x00007ff894323000 	C:\WINDOWS\system32\cfgmgr32.dll
0x0000000070540000 - 0x000000007054f000 	C:\Program Files\Java\jdk1.8.0_60\jre\bin\verify.dll
0x0000000070510000 - 0x0000000070539000 	C:\Program Files\Java\jdk1.8.0_60\jre\bin\java.dll
0x00000000704f0000 - 0x0000000070506000 	C:\Program Files\Java\jdk1.8.0_60\jre\bin\zip.dll

VM Arguments:
jvm_args: -Djava.awt.headless=true -Xmx1024M -Dfile.encoding=windows-1251 -Duser.country=US -Duser.language=en -Duser.variant 
java_command: com.android.dx.command.Main --dex --force-jumbo --num-threads=4 --multi-dex --output E:\Education\Summer_Camp\FoodCalculator\app\build\intermediates\transforms\dex\debug\folders\1000\5\slice_2 E:\Education\Summer_Camp\FoodCalculator\app\build\intermediates\transforms\instantRunSlicer\debug\folders\1\5\slice_2
java_class_path (initial): E:\Android\sdk\build-tools\23.0.2\lib\dx.jar
Launcher Type: SUN_STANDARD

Environment Variables:
PATH=C:\Program Files (x86)\Common Files\Intel\Shared Files\cpp\bin\Intel64;C:\ProgramData\Oracle\Java\javapath;C:\Program Files (x86)\Intel\iCLS Client\;C:\Program Files\Intel\iCLS Client\;C:\Windows\system32;C:\Windows;C:\Windows\System32\Wbem;C:\Windows\System32\WindowsPowerShell\v1.0\;C:\Program Files (x86)\NVIDIA Corporation\PhysX\Common;C:\Program Files (x86)\Microsoft Emulator Manager\1.0\;C:\Program Files (x86)\Intel\Intel(R) Management Engine Components\DAL;C:\Program Files\Intel\Intel(R) Management Engine Components\DAL;C:\Program Files (x86)\Intel\Intel(R) Management Engine Components\IPT;C:\Program Files\Intel\Intel(R) Management Engine Components\IPT;C:\Program Files\Microsoft SQL Server\110\DTS\Binn\;C:\Program Files (x86)\Microsoft SQL Server\110\Tools\Binn\;C:\Program Files\Microsoft SQL Server\110\Tools\Binn\;C:\Program Files (x86)\Microsoft SQL Server\110\Tools\Binn\ManagementStudio\;C:\Program Files (x86)\Microsoft Visual Studio 10.0\Common7\IDE\PrivateAssemblies\;C:\Program Files (x86)\Microsoft SQL Server\110\DTS\Binn\;C:\Program Files (x86)\Common Files\lenovo\easyplussdk\bin;C:\Program Files\Microsoft OLE DB Provider for DB2\system;C:\WINDOWS\system32;C:\WINDOWS;C:\WINDOWS\System32\Wbem;C:\WINDOWS\System32\WindowsPowerShell\v1.0\;C:\Program Files (x86)\Skype\Phone\;C:\WINDOWS\system32\config\systemprofile\.dnx\bin;C:\Program Files\Microsoft DNX\Dnvm\;C:\Program Files\Microsoft SQL Server\120\Tools\Binn\;C:\Program Files\Git\cmd;C:\Program Files\Common Files\Autodesk Shared\;C:\Program Files (x86)\PuTTY\;C:\Program Files (x86)\Brackets\command;C:\Users\roshk1n\Downloads\openssl-0.9.8k_X64\bin;C:\Program Files (x86)\Java\jdk1.7.0_55\bin
USERNAME=roshk1n
OS=Windows_NT
PROCESSOR_IDENTIFIER=Intel64 Family 6 Model 58 Stepping 9, GenuineIntel



---------------  S Y S T E M  ---------------

OS: Windows 10.0 , 64 bit Build 10586 (10.0.10586.0)

CPU:total 4 (2 cores per cpu, 2 threads per core) family 6 model 58 stepping 9, cmov, cx8, fxsr, mmx, sse, sse2, sse3, ssse3, sse4.1, sse4.2, popcnt, avx, aes, clmul, erms, ht, tsc, tscinvbit, tscinv

Memory: 4k page, physical 8246884k(600356k free), swap 33412708k(50740k free)

vm_info: Java HotSpot(TM) 64-Bit Server VM (25.60-b23) for windows-amd64 JRE (1.8.0_60-b27), built on Aug  4 2015 11:06:27 by "java_re" with MS VC++ 10.0 (VS2010)

time: Mon Jul 25 22:13:56 2016
elapsed time: 0 seconds (0d 0h 0m 0s)

