#
# There is insufficient memory for the Java Runtime Environment to continue.
# Native memory allocation (malloc) failed to allocate 32744 bytes for ChunkPool::allocate
# Possible reasons:
#   The system is out of physical RAM or swap space
#   In 32 bit mode, the process size limit was hit
# Possible solutions:
#   Reduce memory load on the system
#   Increase physical memory or swap space
#   Check if swap backing store is full
#   Use 64 bit Java on a 64 bit OS
#   Decrease Java heap size (-Xmx/-Xms)
#   Decrease number of Java threads
#   Decrease Java thread stack sizes (-Xss)
#   Set larger code cache with -XX:ReservedCodeCacheSize=
# This output file may be truncated or incomplete.
#
#  Out of Memory Error (allocation.cpp:273), pid=13196, tid=9112
#
# JRE version: Java(TM) SE Runtime Environment (8.0_60-b27) (build 1.8.0_60-b27)
# Java VM: Java HotSpot(TM) 64-Bit Server VM (25.60-b23 mixed mode windows-amd64 compressed oops)
# Failed to write core dump. Minidumps are not enabled by default on client versions of Windows
#

---------------  T H R E A D  ---------------

Current thread (0x000000000237e800):  JavaThread "main" [_thread_in_vm, id=9112, stack(0x0000000002430000,0x0000000002530000)]

Stack: [0x0000000002430000,0x0000000002530000]
[error occurred during error reporting (printing stack bounds), id 0xc0000005]

Native frames: (J=compiled Java code, j=interpreted, Vv=VM code, C=native code)

Java frames: (J=compiled Java code, j=interpreted, Vv=VM code)
j  java.util.zip.ZipFile.getEntryMethod(J)I+0
j  java.util.zip.ZipFile.getZipEntry(Ljava/lang/String;J)Ljava/util/zip/ZipEntry;+136
j  java.util.zip.ZipFile.access$900(Ljava/util/zip/ZipFile;Ljava/lang/String;J)Ljava/util/zip/ZipEntry;+3
j  java.util.zip.ZipFile$ZipEntryIterator.next()Ljava/util/zip/ZipEntry;+184
j  java.util.zip.ZipFile$ZipEntryIterator.nextElement()Ljava/util/zip/ZipEntry;+1
j  java.util.zip.ZipFile$ZipEntryIterator.nextElement()Ljava/lang/Object;+1
j  java.util.Collections.list(Ljava/util/Enumeration;)Ljava/util/ArrayList;+19
j  com.android.dx.cf.direct.ClassPathOpener.processArchive(Ljava/io/File;)Z+13
j  com.android.dx.cf.direct.ClassPathOpener.processOne(Ljava/io/File;Z)Z+48
j  com.android.dx.cf.direct.ClassPathOpener.process()Z+15
j  com.android.dx.command.dexer.Main.processOne(Ljava/lang/String;Lcom/android/dx/cf/direct/ClassPathOpener$FileNameFilter;)V+20
j  com.android.dx.command.dexer.Main.processAllFiles()Z+272
j  com.android.dx.command.dexer.Main.runMultiDex()I+66
j  com.android.dx.command.dexer.Main.run(Lcom/android/dx/command/dexer/Main$Arguments;)I+66
j  com.android.dx.command.dexer.Main.main([Ljava/lang/String;)V+14
j  com.android.dx.command.Main.main([Ljava/lang/String;)V+61
v  ~StubRoutines::call_stub

---------------  P R O C E S S  ---------------

Java Threads: ( => current thread )
  0x0000000016646800 JavaThread "Service Thread" daemon [_thread_blocked, id=4664, stack(0x0000000016a40000,0x0000000016b40000)]
  0x0000000014d5c000 JavaThread "C1 CompilerThread2" daemon [_thread_blocked, id=11124, stack(0x0000000016540000,0x0000000016640000)]
  0x0000000014d3e800 JavaThread "C2 CompilerThread1" daemon [_thread_blocked, id=1796, stack(0x0000000016440000,0x0000000016540000)]
  0x0000000014cfe800 JavaThread "C2 CompilerThread0" daemon [_thread_blocked, id=7952, stack(0x0000000016340000,0x0000000016440000)]
  0x0000000014cfd000 JavaThread "Attach Listener" daemon [_thread_blocked, id=8560, stack(0x0000000016240000,0x0000000016340000)]
  0x0000000014cfb800 JavaThread "Signal Dispatcher" daemon [_thread_blocked, id=7516, stack(0x0000000016140000,0x0000000016240000)]
  0x0000000002622800 JavaThread "Finalizer" daemon [_thread_blocked, id=12436, stack(0x0000000015f60000,0x0000000016060000)]
  0x000000000261f800 JavaThread "Reference Handler" daemon [_thread_blocked, id=11548, stack(0x0000000015e60000,0x0000000015f60000)]
=>0x000000000237e800 JavaThread "main" [_thread_in_vm, id=9112, stack(0x0000000002430000,0x0000000002530000)]

Other Threads:
  0x0000000014cc6800 VMThread [stack: 0x0000000015d60000,0x0000000015e60000] [id=2948]
  0x0000000016653800 WatcherThread [stack: 0x0000000016b40000,0x0000000016c40000] [id=5780]

VM state:not at safepoint (normal execution)

VM Mutex/Monitor currently owned by a thread:  ([mutex/lock_event])
[0x000000000237ddb0] AdapterHandlerLibrary_lock - owner thread: 0x000000000237e800

Heap:
 PSYoungGen      total 37888K, used 3284K [0x00000000eab00000, 0x00000000ed500000, 0x0000000100000000)
  eden space 32768K, 10% used [0x00000000eab00000,0x00000000eae35070,0x00000000ecb00000)
  from space 5120K, 0% used [0x00000000ed000000,0x00000000ed000000,0x00000000ed500000)
  to   space 5120K, 0% used [0x00000000ecb00000,0x00000000ecb00000,0x00000000ed000000)
 ParOldGen       total 86016K, used 0K [0x00000000c0000000, 0x00000000c5400000, 0x00000000eab00000)
  object space 86016K, 0% used [0x00000000c0000000,0x00000000c0000000,0x00000000c5400000)
 Metaspace       used 3257K, capacity 4720K, committed 4864K, reserved 1056768K
  class space    used 362K, capacity 424K, committed 512K, reserved 1048576K

Card table byte_map: [0x00000000119f0000,0x0000000011c00000] byte_map_base: 0x00000000113f0000

Marking Bits: (ParMarkBitMap*) 0x0000000070d5a5b0
 Begin Bits: [0x0000000012160000, 0x0000000013160000)
 End Bits:   [0x0000000013160000, 0x0000000014160000)

Polling page: 0x0000000000800000

CodeCache: size=245760Kb used=1244Kb max_used=1244Kb free=244515Kb
 bounds [0x0000000002630000, 0x00000000028a0000, 0x0000000011630000]
 total_blobs=328 nmethods=88 adapters=153
 compilation: enabled

Compilation events (10 events):
Event: 0.654 Thread 0x0000000014d5c000 nmethod 78 0x000000000275c710 code [0x000000000275c880, 0x000000000275ca88]
Event: 0.658 Thread 0x0000000014d5c000   80       3       java.util.zip.ZipFile::access$400 (5 bytes)
Event: 0.659 Thread 0x0000000014d5c000 nmethod 80 0x000000000275d0d0 code [0x000000000275d220, 0x000000000275d350]
Event: 0.660 Thread 0x0000000014d5c000   82       1       java.util.zip.ZipFile::access$300 (5 bytes)
Event: 0.661 Thread 0x0000000014d5c000 nmethod 82 0x000000000275d7d0 code [0x000000000275d920, 0x000000000275da10]
Event: 0.661 Thread 0x0000000014d5c000   83       3       java.util.zip.ZipFile::ensureOpen (37 bytes)
Event: 0.661 Thread 0x0000000014d5c000 nmethod 83 0x000000000275da90 code [0x000000000275dc20, 0x000000000275def8]
Event: 0.661 Thread 0x0000000014d5c000   84       1       java.util.zip.ZipCoder::isUTF8 (5 bytes)
Event: 0.661 Thread 0x0000000014d5c000 nmethod 84 0x000000000275e010 code [0x000000000275e160, 0x000000000275e270]
Event: 0.661 Thread 0x0000000014d5c000   85       3       sun.nio.cs.UTF_8$Decoder::decode (779 bytes)

GC Heap History (0 events):
No events

Deoptimization events (0 events):
No events

Internal exceptions (2 events):
Event: 0.371 Thread 0x000000000237e800 Exception <a 'java/lang/NoSuchMethodError': Method sun.misc.Unsafe.defineClass(Ljava/lang/String;[BII)Ljava/lang/Class; name or signature does not match> (0x00000000eab13078) thrown at [C:\re\workspace\8-2-build-windows-amd64-cygwin\jdk8u60\4407\hotspot\srå»ûi¸×?
Event: 0.371 Thread 0x000000000237e800 Exception <a 'java/lang/NoSuchMethodError': Method sun.misc.Unsafe.prefetchRead(Ljava/lang/Object;J)V name or signature does not match> (0x00000000eab13360) thrown at [C:\re\workspace\8-2-build-windows-amd64-cygwin\jdk8u60\4407\hotspot\src\share\vm\prims\j

Events (10 events):
Event: 0.655 loading class java/util/concurrent/Executors$DelegatedExecutorService done
Event: 0.655 loading class java/util/concurrent/Executors$FinalizableDelegatedExecutorService done
Event: 0.655 loading class com/android/dx/cf/direct/ClassPathOpener
Event: 0.655 loading class com/android/dx/cf/direct/ClassPathOpener done
Event: 0.656 loading class com/android/dx/cf/direct/ClassPathOpener$1
Event: 0.656 loading class com/android/dx/cf/direct/ClassPathOpener$1 done
Event: 0.656 loading class com/android/dx/command/dexer/Main$FileBytesConsumer
Event: 0.656 loading class com/android/dx/command/dexer/Main$FileBytesConsumer done
Event: 0.657 loading class java/util/zip/ZipFile$ZipEntryIterator
Event: 0.658 loading class java/util/zip/ZipFile$ZipEntryIterator done


Dynamic libraries:
0x00007ff6e4ba0000 - 0x00007ff6e4bd7000 	C:\Program Files\Java\jdk1.8.0_60\bin\java.exe
0x00007ff896f30000 - 0x00007ff8970f1000 	C:\WINDOWS\SYSTEM32\ntdll.dll
0x00007ff896d60000 - 0x00007ff896e0d000 	C:\WINDOWS\system32\KERNEL32.DLL
0x00007ff8940f0000 - 0x00007ff8942d8000 	C:\WINDOWS\system32\KERNELBASE.dll
0x00007ff896cb0000 - 0x00007ff896d57000 	C:\WINDOWS\system32\ADVAPI32.dll
0x00007ff894e10000 - 0x00007ff894ead000 	C:\WINDOWS\system32\msvcrt.dll
0x00007ff894920000 - 0x00007ff89497b000 	C:\WINDOWS\system32\sechost.dll
0x00007ff896e10000 - 0x00007ff896f2c000 	C:\WINDOWS\system32\RPCRT4.dll
0x00007ff8947c0000 - 0x00007ff894916000 	C:\WINDOWS\system32\USER32.dll
0x00007ff894ac0000 - 0x00007ff894c46000 	C:\WINDOWS\system32\GDI32.dll
0x00007ff88ca10000 - 0x00007ff88cc84000 	C:\WINDOWS\WinSxS\amd64_microsoft.windows.common-controls_6595b64144ccf1df_6.0.10586.494_none_a2d8b04ea53e3145\COMCTL32.dll
0x00007ff8954d0000 - 0x00007ff89574d000 	C:\WINDOWS\system32\combase.dll
0x00007ff893c30000 - 0x00007ff893c9a000 	C:\WINDOWS\system32\bcryptPrimitives.dll
0x00007ff895480000 - 0x00007ff8954bb000 	C:\WINDOWS\system32\IMM32.DLL
0x0000000070de0000 - 0x0000000070eb2000 	C:\Program Files\Java\jdk1.8.0_60\jre\bin\msvcr100.dll
0x0000000070550000 - 0x0000000070dd9000 	C:\Program Files\Java\jdk1.8.0_60\jre\bin\server\jvm.dll
0x00007ff894a00000 - 0x00007ff894a08000 	C:\WINDOWS\system32\PSAPI.DLL
0x00007ff891d10000 - 0x00007ff891d19000 	C:\WINDOWS\SYSTEM32\WSOCK32.dll
0x00007ff894eb0000 - 0x00007ff894f1b000 	C:\WINDOWS\system32\WS2_32.dll
0x00007ff891c80000 - 0x00007ff891ca3000 	C:\WINDOWS\SYSTEM32\WINMM.dll
0x00007ff88cff0000 - 0x00007ff88cffa000 	C:\WINDOWS\SYSTEM32\VERSION.dll
0x00007ff891b10000 - 0x00007ff891b3c000 	C:\WINDOWS\SYSTEM32\WINMMBASE.dll
0x00007ff8942e0000 - 0x00007ff894323000 	C:\WINDOWS\system32\cfgmgr32.dll
0x0000000070540000 - 0x000000007054f000 	C:\Program Files\Java\jdk1.8.0_60\jre\bin\verify.dll
0x0000000070510000 - 0x0000000070539000 	C:\Program Files\Java\jdk1.8.0_60\jre\bin\java.dll
0x00000000704f0000 - 0x0000000070506000 	C:\Program Files\Java\jdk1.8.0_60\jre\bin\zip.dll
0x00007ff895750000 - 0x00007ff896cac000 	C:\WINDOWS\system32\SHELL32.dll
0x00007ff8935e0000 - 0x00007ff893c25000 	C:\WINDOWS\system32\windows.storage.dll
0x00007ff894980000 - 0x00007ff8949d2000 	C:\WINDOWS\system32\shlwapi.dll
0x00007ff893550000 - 0x00007ff89355f000 	C:\WINDOWS\system32\kernel.appcore.dll
0x00007ff893ed0000 - 0x00007ff893f85000 	C:\WINDOWS\system32\shcore.dll
0x00007ff893560000 - 0x00007ff8935ab000 	C:\WINDOWS\system32\powrprof.dll
0x00007ff8935c0000 - 0x00007ff8935d4000 	C:\WINDOWS\system32\profapi.dll

VM Arguments:
jvm_args: -Djava.awt.headless=true -Xmx1024M -Dfile.encoding=windows-1251 -Duser.country=US -Duser.language=en -Duser.variant 
java_command: com.android.dx.command.Main --dex --force-jumbo --num-threads=4 --multi-dex --output E:\Education\Summer_Camp\FoodCalculator\app\build\intermediates\transforms\dex\debug\folders\1000\10\com.android.support-support-v4-23.4.0_fd8d075595340fc8fd4284d0f996da5a2936542a E:\Education\Summer_Camp\FoodCalculator\app\build\intermediates\exploded-aar\com.android.support\support-v4\23.4.0\jars\classes.jar
java_class_path (initial): E:\Android\sdk\build-tools\23.0.2\lib\dx.jar
Launcher Type: SUN_STANDARD

Environment Variables:
PATH=C:\Program Files (x86)\Common Files\Intel\Shared Files\cpp\bin\Intel64;C:\ProgramData\Oracle\Java\javapath;C:\Program Files (x86)\Intel\iCLS Client\;C:\Program Files\Intel\iCLS Client\;C:\Windows\system32;C:\Windows;C:\Windows\System32\Wbem;C:\Windows\System32\WindowsPowerShell\v1.0\;C:\Program Files (x86)\NVIDIA Corporation\PhysX\Common;C:\Program Files (x86)\Microsoft Emulator Manager\1.0\;C:\Program Files (x86)\Intel\Intel(R) Management Engine Components\DAL;C:\Program Files\Intel\Intel(R) Management Engine Components\DAL;C:\Program Files (x86)\Intel\Intel(R) Management Engine Components\IPT;C:\Program Files\Intel\Intel(R) Management Engine Components\IPT;C:\Program Files\Microsoft SQL Server\110\DTS\Binn\;C:\Program Files (x86)\Microsoft SQL Server\110\Tools\Binn\;C:\Program Files\Microsoft SQL Server\110\Tools\Binn\;C:\Program Files (x86)\Microsoft SQL Server\110\Tools\Binn\ManagementStudio\;C:\Program Files (x86)\Microsoft Visual Studio 10.0\Common7\IDE\PrivateAssemblies\;C:\Program Files (x86)\Microsoft SQL Server\110\DTS\Binn\;C:\Program Files (x86)\Common Files\lenovo\easyplussdk\bin;C:\Program Files\Microsoft OLE DB Provider for DB2\system;C:\WINDOWS\system32;C:\WINDOWS;C:\WINDOWS\System32\Wbem;C:\WINDOWS\System32\WindowsPowerShell\v1.0\;C:\Program Files (x86)\Skype\Phone\;C:\WINDOWS\system32\config\systemprofile\.dnx\bin;C:\Program Files\Microsoft DNX\Dnvm\;C:\Program Files\Microsoft SQL Server\120\Tools\Binn\;C:\Program Files\Git\cmd;C:\Program Files\Common Files\Autodesk Shared\;C:\Program Files (x86)\PuTTY\;C:\Program Files (x86)\Brackets\command;C:\Users\roshk1n\Downloads\openssl-0.9.8k_X64\bin;C:\Program Files (x86)\Java\jdk1.7.0_55\bin
USERNAME=roshk1n
OS=Windows_NT
PROCESSOR_IDENTIFIER=Intel64 Family 6 Model 58 Stepping 9, GenuineIntel



---------------  S Y S T E M  ---------------

OS: Windows 10.0 , 64 bit Build 10586 (10.0.10586.0)

CPU:total 4 (2 cores per cpu, 2 threads per core) family 6 model 58 stepping 9, cmov, cx8, fxsr, mmx, sse, sse2, sse3, ssse3, sse4.1, sse4.2, popcnt, avx, aes, clmul, erms, ht, tsc, tscinvbit, tscinv

Memory: 4k page, physical 8246884k(552888k free), swap 33412708k(260k free)

vm_info: Java HotSpot(TM) 64-Bit Server VM (25.60-b23) for windows-amd64 JRE (1.8.0_60-b27), built on Aug  4 2015 11:06:27 by "java_re" with MS VC++ 10.0 (VS2010)

time: Mon Jul 25 22:14:56 2016
elapsed time: 0 seconds (0d 0h 0m 0s)

