#
# There is insufficient memory for the Java Runtime Environment to continue.
# Native memory allocation (malloc) failed to allocate 423536 bytes for Chunk::new
# Possible reasons:
#   The system is out of physical RAM or swap space
#   In 32 bit mode, the process size limit was hit
# Possible solutions:
#   Reduce memory load on the system
#   Increase physical memory or swap space
#   Check if swap backing store is full
#   Use 64 bit Java on a 64 bit OS
#   Decrease Java heap size (-Xmx/-Xms)
#   Decrease number of Java threads
#   Decrease Java thread stack sizes (-Xss)
#   Set larger code cache with -XX:ReservedCodeCacheSize=
# This output file may be truncated or incomplete.
#
#  Out of Memory Error (allocation.cpp:390), pid=7560, tid=11012
#
# JRE version: Java(TM) SE Runtime Environment (8.0_60-b27) (build 1.8.0_60-b27)
# Java VM: Java HotSpot(TM) 64-Bit Server VM (25.60-b23 mixed mode windows-amd64 compressed oops)
# Failed to write core dump. Minidumps are not enabled by default on client versions of Windows
#

---------------  T H R E A D  ---------------

Current thread (0x0000000015a0e800):  JavaThread "C2 CompilerThread0" daemon [_thread_in_native, id=11012, stack(0x0000000017050000,0x0000000017150000)]

Stack: [0x0000000017050000,0x0000000017150000]
[error occurred during error reporting (printing stack bounds), id 0xc0000005]

Native frames: (J=compiled Java code, j=interpreted, Vv=VM code, C=native code)


Current CompileTask:
C2:   1144  871       4       com.android.dx.ssa.SCCP::simulatePhi (169 bytes)


---------------  P R O C E S S  ---------------

Java Threads: ( => current thread )
  0x00000000173a0800 JavaThread "pool-3-thread-1" [_thread_blocked, id=12780, stack(0x0000000017a50000,0x0000000017b50000)]
  0x000000001739b000 JavaThread "pool-2-thread-1" [_thread_in_Java, id=4496, stack(0x0000000017950000,0x0000000017a50000)]
  0x0000000017256800 JavaThread "Service Thread" daemon [_thread_blocked, id=12652, stack(0x0000000017750000,0x0000000017850000)]
  0x0000000015a6e800 JavaThread "C1 CompilerThread2" daemon [_thread_in_vm, id=9840, stack(0x0000000017650000,0x0000000017750000)]
  0x0000000015a13000 JavaThread "C2 CompilerThread1" daemon [_thread_in_native, id=10636, stack(0x0000000017150000,0x0000000017250000)]
=>0x0000000015a0e800 JavaThread "C2 CompilerThread0" daemon [_thread_in_native, id=11012, stack(0x0000000017050000,0x0000000017150000)]
  0x0000000015a0d000 JavaThread "Attach Listener" daemon [_thread_blocked, id=7776, stack(0x0000000016f50000,0x0000000017050000)]
  0x0000000015a0b800 JavaThread "Signal Dispatcher" daemon [_thread_blocked, id=12120, stack(0x0000000016e50000,0x0000000016f50000)]
  0x0000000003257000 JavaThread "Finalizer" daemon [_thread_blocked, id=6052, stack(0x0000000016c70000,0x0000000016d70000)]
  0x000000000324e000 JavaThread "Reference Handler" daemon [_thread_blocked, id=1068, stack(0x0000000016b70000,0x0000000016c70000)]
  0x00000000014ae800 JavaThread "main" [_thread_blocked, id=11456, stack(0x00000000018e0000,0x00000000019e0000)]

Other Threads:
  0x00000000159d7800 VMThread [stack: 0x0000000016a70000,0x0000000016b70000] [id=11712]
  0x0000000017264800 WatcherThread [stack: 0x0000000017850000,0x0000000017950000] [id=5628]

VM state:not at safepoint (normal execution)

VM Mutex/Monitor currently owned by a thread: None

Heap:
 PSYoungGen      total 37888K, used 17702K [0x00000000eab00000, 0x00000000ed500000, 0x0000000100000000)
  eden space 32768K, 54% used [0x00000000eab00000,0x00000000ebc49868,0x00000000ecb00000)
  from space 5120K, 0% used [0x00000000ed000000,0x00000000ed000000,0x00000000ed500000)
  to   space 5120K, 0% used [0x00000000ecb00000,0x00000000ecb00000,0x00000000ed000000)
 ParOldGen       total 86016K, used 0K [0x00000000c0000000, 0x00000000c5400000, 0x00000000eab00000)
  object space 86016K, 0% used [0x00000000c0000000,0x00000000c0000000,0x00000000c5400000)
 Metaspace       used 5755K, capacity 6706K, committed 6784K, reserved 1056768K
  class space    used 596K, capacity 618K, committed 640K, reserved 1048576K

Card table byte_map: [0x0000000012700000,0x0000000012910000] byte_map_base: 0x0000000012100000

Marking Bits: (ParMarkBitMap*) 0x0000000070d5a5b0
 Begin Bits: [0x0000000012e70000, 0x0000000013e70000)
 End Bits:   [0x0000000013e70000, 0x0000000014e70000)

Polling page: 0x00000000014b0000

CodeCache: size=245760Kb used=3630Kb max_used=3630Kb free=242129Kb
 bounds [0x0000000003340000, 0x00000000036d0000, 0x0000000012340000]
 total_blobs=1166 nmethods=897 adapters=182
 compilation: enabled

Compilation events (10 events):
Event: 1.129 Thread 0x0000000015a6e800  888       3       com.android.dx.rop.code.Insn::contentEquals (84 bytes)
Event: 1.130 Thread 0x0000000015a6e800 nmethod 888 0x00000000036be510 code [0x00000000036be700, 0x00000000036bf338]
Event: 1.130 Thread 0x0000000015a6e800  889       3       com.android.dx.rop.type.StdTypeList::equalContents (56 bytes)
Event: 1.131 Thread 0x0000000015a6e800 nmethod 889 0x00000000036bf590 code [0x00000000036bf760, 0x00000000036c0028]
Event: 1.131 Thread 0x0000000015a6e800  885       3       com.android.dx.ssa.back.FirstFitLocalCombiningAllocator$Alignment$3::nextClearBit (6 bytes)
Event: 1.131 Thread 0x0000000015a6e800 nmethod 885 0x00000000036c02d0 code [0x00000000036c0440, 0x00000000036c05e8]
Event: 1.131 Thread 0x0000000015a6e800  881       3       java.util.TreeMap$ValueIterator::next (8 bytes)
Event: 1.131 Thread 0x0000000015a6e800 nmethod 881 0x00000000036c06d0 code [0x00000000036c0840, 0x00000000036c0a48]
Event: 1.131 Thread 0x0000000015a6e800  886       1       com.android.dx.rop.cst.CstKnownNull::hashCode (3 bytes)
Event: 1.131 Thread 0x0000000015a6e800 nmethod 886 0x00000000036ad350 code [0x00000000036ad4a0, 0x00000000036ad5b0]

GC Heap History (0 events):
No events

Deoptimization events (8 events):
Event: 0.799 Thread 0x000000001739b000 Uncommon trap: reason=unstable_if action=reinterpret pc=0x000000000355b4e8 method=java.util.HashMap.getNode(ILjava/lang/Object;)Ljava/util/HashMap$Node; @ 129
Event: 0.827 Thread 0x000000001739b000 Uncommon trap: reason=class_check action=maybe_recompile pc=0x00000000035a7970 method=com.android.dx.ssa.NormalSsaInsn.accept(Lcom/android/dx/ssa/SsaInsn$Visitor;)V @ 9
Event: 0.827 Thread 0x000000001739b000 Uncommon trap: reason=class_check action=maybe_recompile pc=0x00000000035a7970 method=com.android.dx.ssa.NormalSsaInsn.accept(Lcom/android/dx/ssa/SsaInsn$Visitor;)V @ 9
Event: 0.827 Thread 0x000000001739b000 Uncommon trap: reason=class_check action=maybe_recompile pc=0x00000000035a7970 method=com.android.dx.ssa.NormalSsaInsn.accept(Lcom/android/dx/ssa/SsaInsn$Visitor;)V @ 9
Event: 0.840 Thread 0x000000001739b000 Uncommon trap: reason=class_check action=maybe_recompile pc=0x00000000035a7970 method=com.android.dx.ssa.NormalSsaInsn.accept(Lcom/android/dx/ssa/SsaInsn$Visitor;)V @ 9
Event: 0.913 Thread 0x000000001739b000 Uncommon trap: reason=unstable_if action=reinterpret pc=0x000000000356b030 method=java.util.BitSet.nextSetBit(I)I @ 87
Event: 0.913 Thread 0x000000001739b000 Uncommon trap: reason=unstable_if action=reinterpret pc=0x00000000035ab0f4 method=java.util.BitSet.ensureCapacity(I)V @ 6
Event: 1.018 Thread 0x000000001739b000 Uncommon trap: reason=unstable_if action=reinterpret pc=0x00000000036410dc method=com.android.dx.rop.cst.Constant.compareTo(Lcom/android/dx/rop/cst/Constant;)I @ 12

Internal exceptions (2 events):
Event: 0.049 Thread 0x00000000014ae800 Exception <a 'java/lang/NoSuchMethodError': Method sun.misc.Unsafe.defineClass(Ljava/lang/String;[BII)Ljava/lang/Class; name or signature does not match> (0x00000000eab13078) thrown at [C:\re\workspace\8-2-build-windows-amd64-cygwin\jdk8u60\4407\hotspot\sr8Žf¡33©?
Event: 0.049 Thread 0x00000000014ae800 Exception <a 'java/lang/NoSuchMethodError': Method sun.misc.Unsafe.prefetchRead(Ljava/lang/Object;J)V name or signature does not match> (0x00000000eab13360) thrown at [C:\re\workspace\8-2-build-windows-amd64-cygwin\jdk8u60\4407\hotspot\src\share\vm\prims\j

Events (10 events):
Event: 0.913 Thread 0x000000001739b000 Uncommon trap: trap_request=0xffffff65 fr.pc=0x000000000356b030
Event: 0.913 Thread 0x000000001739b000 DEOPT PACKING pc=0x000000000356b030 sp=0x0000000017a4ed70
Event: 0.913 Thread 0x000000001739b000 DEOPT UNPACKING pc=0x000000000338582a sp=0x0000000017a4ed08 mode 2
Event: 0.913 Thread 0x000000001739b000 Uncommon trap: trap_request=0xffffff65 fr.pc=0x00000000035ab0f4
Event: 0.913 Thread 0x000000001739b000 DEOPT PACKING pc=0x00000000035ab0f4 sp=0x0000000017a4ed40
Event: 0.913 Thread 0x000000001739b000 DEOPT UNPACKING pc=0x000000000338582a sp=0x0000000017a4ec28 mode 2
Event: 0.954 Thread 0x00000000173ae800 Thread exited: 0x00000000173ae800
Event: 1.018 Thread 0x000000001739b000 Uncommon trap: trap_request=0xffffff65 fr.pc=0x00000000036410dc
Event: 1.018 Thread 0x000000001739b000 DEOPT PACKING pc=0x00000000036410dc sp=0x0000000017a4e990
Event: 1.018 Thread 0x000000001739b000 DEOPT UNPACKING pc=0x000000000338582a sp=0x0000000017a4e930 mode 2


Dynamic libraries:
0x00007ff6e4ba0000 - 0x00007ff6e4bd7000 	C:\Program Files\Java\jdk1.8.0_60\bin\java.exe
0x00007ff896f30000 - 0x00007ff8970f1000 	C:\WINDOWS\SYSTEM32\ntdll.dll
0x00007ff896d60000 - 0x00007ff896e0d000 	C:\WINDOWS\system32\KERNEL32.DLL
0x00007ff8940f0000 - 0x00007ff8942d8000 	C:\WINDOWS\system32\KERNELBASE.dll
0x00007ff896cb0000 - 0x00007ff896d57000 	C:\WINDOWS\system32\ADVAPI32.dll
0x00007ff894e10000 - 0x00007ff894ead000 	C:\WINDOWS\system32\msvcrt.dll
0x00007ff894920000 - 0x00007ff89497b000 	C:\WINDOWS\system32\sechost.dll
0x00007ff896e10000 - 0x00007ff896f2c000 	C:\WINDOWS\system32\RPCRT4.dll
0x00007ff8947c0000 - 0x00007ff894916000 	C:\WINDOWS\system32\USER32.dll
0x00007ff894ac0000 - 0x00007ff894c46000 	C:\WINDOWS\system32\GDI32.dll
0x00007ff88ca10000 - 0x00007ff88cc84000 	C:\WINDOWS\WinSxS\amd64_microsoft.windows.common-controls_6595b64144ccf1df_6.0.10586.494_none_a2d8b04ea53e3145\COMCTL32.dll
0x00007ff8954d0000 - 0x00007ff89574d000 	C:\WINDOWS\system32\combase.dll
0x00007ff893c30000 - 0x00007ff893c9a000 	C:\WINDOWS\system32\bcryptPrimitives.dll
0x00007ff895480000 - 0x00007ff8954bb000 	C:\WINDOWS\system32\IMM32.DLL
0x0000000070de0000 - 0x0000000070eb2000 	C:\Program Files\Java\jdk1.8.0_60\jre\bin\msvcr100.dll
0x0000000070550000 - 0x0000000070dd9000 	C:\Program Files\Java\jdk1.8.0_60\jre\bin\server\jvm.dll
0x00007ff894a00000 - 0x00007ff894a08000 	C:\WINDOWS\system32\PSAPI.DLL
0x00007ff891d10000 - 0x00007ff891d19000 	C:\WINDOWS\SYSTEM32\WSOCK32.dll
0x00007ff894eb0000 - 0x00007ff894f1b000 	C:\WINDOWS\system32\WS2_32.dll
0x00007ff891c80000 - 0x00007ff891ca3000 	C:\WINDOWS\SYSTEM32\WINMM.dll
0x00007ff88cff0000 - 0x00007ff88cffa000 	C:\WINDOWS\SYSTEM32\VERSION.dll
0x00007ff891b10000 - 0x00007ff891b3c000 	C:\WINDOWS\SYSTEM32\WINMMBASE.dll
0x00007ff8942e0000 - 0x00007ff894323000 	C:\WINDOWS\system32\cfgmgr32.dll
0x0000000070540000 - 0x000000007054f000 	C:\Program Files\Java\jdk1.8.0_60\jre\bin\verify.dll
0x0000000070510000 - 0x0000000070539000 	C:\Program Files\Java\jdk1.8.0_60\jre\bin\java.dll
0x00000000704f0000 - 0x0000000070506000 	C:\Program Files\Java\jdk1.8.0_60\jre\bin\zip.dll
0x00007ff895750000 - 0x00007ff896cac000 	C:\WINDOWS\system32\SHELL32.dll
0x00007ff8935e0000 - 0x00007ff893c25000 	C:\WINDOWS\system32\windows.storage.dll
0x00007ff894980000 - 0x00007ff8949d2000 	C:\WINDOWS\system32\shlwapi.dll
0x00007ff893550000 - 0x00007ff89355f000 	C:\WINDOWS\system32\kernel.appcore.dll
0x00007ff893ed0000 - 0x00007ff893f85000 	C:\WINDOWS\system32\shcore.dll
0x00007ff893560000 - 0x00007ff8935ab000 	C:\WINDOWS\system32\powrprof.dll
0x00007ff8935c0000 - 0x00007ff8935d4000 	C:\WINDOWS\system32\profapi.dll

VM Arguments:
jvm_args: -Djava.awt.headless=true -Xmx1024M -Dfile.encoding=windows-1251 -Duser.country=US -Duser.language=en -Duser.variant 
java_command: com.android.dx.command.Main --dex --force-jumbo --num-threads=4 --multi-dex --output E:\Education\Summer_Camp\FoodCalculator\app\build\intermediates\transforms\dex\debug\folders\1000\10\firebase-client-android-2.3.1_dcc41b4e179f1c8dfb3f2cacf09d78d63b7ea0fc C:\Users\roshk1n\.gradle\caches\modules-2\files-2.1\com.firebase\firebase-client-android\2.3.1\be29b24233711c419ce935aa0a1b12ebc49d1c9a\firebase-client-android-2.3.1.jar
java_class_path (initial): E:\Android\sdk\build-tools\23.0.2\lib\dx.jar
Launcher Type: SUN_STANDARD

Environment Variables:
PATH=C:\Program Files (x86)\Common Files\Intel\Shared Files\cpp\bin\Intel64;C:\ProgramData\Oracle\Java\javapath;C:\Program Files (x86)\Intel\iCLS Client\;C:\Program Files\Intel\iCLS Client\;C:\Windows\system32;C:\Windows;C:\Windows\System32\Wbem;C:\Windows\System32\WindowsPowerShell\v1.0\;C:\Program Files (x86)\NVIDIA Corporation\PhysX\Common;C:\Program Files (x86)\Microsoft Emulator Manager\1.0\;C:\Program Files (x86)\Intel\Intel(R) Management Engine Components\DAL;C:\Program Files\Intel\Intel(R) Management Engine Components\DAL;C:\Program Files (x86)\Intel\Intel(R) Management Engine Components\IPT;C:\Program Files\Intel\Intel(R) Management Engine Components\IPT;C:\Program Files\Microsoft SQL Server\110\DTS\Binn\;C:\Program Files (x86)\Microsoft SQL Server\110\Tools\Binn\;C:\Program Files\Microsoft SQL Server\110\Tools\Binn\;C:\Program Files (x86)\Microsoft SQL Server\110\Tools\Binn\ManagementStudio\;C:\Program Files (x86)\Microsoft Visual Studio 10.0\Common7\IDE\PrivateAssemblies\;C:\Program Files (x86)\Microsoft SQL Server\110\DTS\Binn\;C:\Program Files (x86)\Common Files\lenovo\easyplussdk\bin;C:\Program Files\Microsoft OLE DB Provider for DB2\system;C:\WINDOWS\system32;C:\WINDOWS;C:\WINDOWS\System32\Wbem;C:\WINDOWS\System32\WindowsPowerShell\v1.0\;C:\Program Files (x86)\Skype\Phone\;C:\WINDOWS\system32\config\systemprofile\.dnx\bin;C:\Program Files\Microsoft DNX\Dnvm\;C:\Program Files\Microsoft SQL Server\120\Tools\Binn\;C:\Program Files\Git\cmd;C:\Program Files\Common Files\Autodesk Shared\;C:\Program Files (x86)\PuTTY\;C:\Program Files (x86)\Brackets\command;C:\Users\roshk1n\Downloads\openssl-0.9.8k_X64\bin;C:\Program Files (x86)\Java\jdk1.7.0_55\bin
USERNAME=roshk1n
OS=Windows_NT
PROCESSOR_IDENTIFIER=Intel64 Family 6 Model 58 Stepping 9, GenuineIntel



---------------  S Y S T E M  ---------------

OS: Windows 10.0 , 64 bit Build 10586 (10.0.10586.0)

CPU:total 4 (2 cores per cpu, 2 threads per core) family 6 model 58 stepping 9, cmov, cx8, fxsr, mmx, sse, sse2, sse3, ssse3, sse4.1, sse4.2, popcnt, avx, aes, clmul, erms, ht, tsc, tscinvbit, tscinv

Memory: 4k page, physical 8246884k(449172k free), swap 33412708k(4256k free)

vm_info: Java HotSpot(TM) 64-Bit Server VM (25.60-b23) for windows-amd64 JRE (1.8.0_60-b27), built on Aug  4 2015 11:06:27 by "java_re" with MS VC++ 10.0 (VS2010)

time: Mon Jul 25 22:14:43 2016
elapsed time: 1 seconds (0d 0h 0m 1s)

